#
# A fatal error has been detected by the Java Runtime Environment:
#
#  EXCEPTION_ACCESS_VIOLATION (0xc0000005) at pc=0x000000000000000f, pid=8252, tid=8272
#
# JRE version: Java(TM) SE Runtime Environment 18.9 (11.0.13+10) (build 11.0.13+10-LTS-370)
# Java VM: Java HotSpot(TM) 64-Bit Server VM 18.9 (11.0.13+10-LTS-370, mixed mode, tiered, compressed oops, g1 gc, windows-amd64)
# Problematic frame:
# C  0x000000000000000f
#
# No core dump will be written. Minidumps are not enabled by default on client versions of Windows
#
# If you would like to submit a bug report, please visit:
#   https://bugreport.java.com/bugreport/crash.jsp
#

---------------  S U M M A R Y ------------

Command Line: -XX:MaxPermSize=512m -XX:+HeapDumpOnOutOfMemoryError --add-opens=java.base/java.util=ALL-UNNAMED --add-opens=java.base/java.lang=ALL-UNNAMED --add-opens=java.base/java.lang.invoke=ALL-UNNAMED --add-opens=java.prefs/java.util.prefs=ALL-UNNAMED -Xmx2048m -Dfile.encoding=UTF-8 -Duser.country=IN -Duser.language=en -Duser.variant org.gradle.launcher.daemon.bootstrap.GradleDaemon 6.9

Host: Intel(R) Core(TM) i5-10300H CPU @ 2.50GHz, 8 cores, 7G,  Windows 10 , 64 bit Build 22000 (10.0.22000.434)
Time: Sun Mar 13 14:52:27 2022 India Standard Time elapsed time: 2043.521272 seconds (0d 0h 34m 3s)

---------------  T H R E A D  ---------------

Current thread (0x0000027228d0d800):  JavaThread "Daemon worker Thread 2" [_thread_in_Java, id=8272, stack(0x00000075bdc00000,0x00000075bdd00000)]

Stack: [0x00000075bdc00000,0x00000075bdd00000],  sp=0x00000075bdcfa240,  free space=1000k
Native frames: (J=compiled Java code, j=interpreted, Vv=VM code, C=native code)
C  0x000000000000000f


siginfo: EXCEPTION_ACCESS_VIOLATION (0xc0000005), data execution prevention violation at address 0x000000000000000f


Register to memory mapping:

RIP=0x000000000000000f is an unknown value
RAX=0x0000000100109440 is a pointer to class: 
org.gradle.process.internal.ExecFactory {0x0000000100109448}
RBX={method} {0x0000027221fc3c80} 'forContext' '(Lorg/gradle/api/internal/file/FileResolver;Lorg/gradle/api/internal/file/FileCollectionFactory;Lorg/gradle/internal/reflect/Instantiator;Lorg/gradle/initialization/BuildCancellationToken;Lorg/gradle/api/model/ObjectFactory;Lorg/gradle/internal/jvm/JavaModuleDetector;)Lorg/gradle/process/internal/ExecFactory;' in 'org/gradle/process/internal/DefaultExecActionFactory'
RCX={method} {0x000002721ac9f6b0} 'forContext' '(Lorg/gradle/api/internal/file/FileResolver;Lorg/gradle/api/internal/file/FileCollectionFactory;Lorg/gradle/internal/reflect/Instantiator;Lorg/gradle/initialization/BuildCancellationToken;Lorg/gradle/api/model/ObjectFactory;Lorg/gradle/internal/jvm/JavaModuleDetector;)Lorg/gradle/process/internal/ExecFactory;' in 'org/gradle/process/internal/ExecFactory'
RDX=0x0 is NULL
RSP=0x00000075bdcfa240 is pointing into the stack for thread: 0x0000027228d0d800
RBP=0x00000075bdcfa2c8 is pointing into the stack for thread: 0x0000027228d0d800
RSI=0x00000075bdcfa7a0 is pointing into the stack for thread: 0x0000027228d0d800
RDI=0x0000000000000008 is an unknown value
R8 =0x00000075bdcfa7e8 is pointing into the stack for thread: 0x0000027228d0d800
R9 =0x0000000000000008 is an unknown value
R10=0x00007ff83a711090 jvm.dll
R11=0x00000075bdcfa4b8 is pointing into the stack for thread: 0x0000027228d0d800
R12=0x0 is NULL
R13=0x00000075bdcfa248 is pointing into the stack for thread: 0x0000027228d0d800
R14=0x00000001004a5d40 is pointing into metadata
R15=0x0000027228d0d800 is a thread


Registers:
RAX=0x0000000100109440, RBX=0x0000027221fc3c78, RCX=0x000002721ac9f6a8, RDX=0x0000000000000000
RSP=0x00000075bdcfa240, RBP=0x00000075bdcfa2c8, RSI=0x00000075bdcfa7a0, RDI=0x0000000000000008
R8 =0x00000075bdcfa7e8, R9 =0x0000000000000008, R10=0x00007ff83a711090, R11=0x00000075bdcfa4b8
R12=0x0000000000000000, R13=0x00000075bdcfa248, R14=0x00000001004a5d40, R15=0x0000027228d0d800
RIP=0x000000000000000f, EFLAGS=0x0000000000010246

Top of Stack: (sp=0x00000075bdcfa240)
0x00000075bdcfa240:   0000027207559f16 000000008135a458
0x00000075bdcfa250:   0000000080c2c518 0000000094fd0050
0x00000075bdcfa260:   0000000080c615f8 0000000080a77800
0x00000075bdcfa270:   0000000080a77828 00000000818917c0
0x00000075bdcfa280:   00000075bdcfa280 000002721da6c503
0x00000075bdcfa290:   00000075bdcfa310 000002721da6de58
0x00000075bdcfa2a0:   0000000000000000 0000000080119cf8
0x00000075bdcfa2b0:   000002721da6c570 00000075bdcfa248
0x00000075bdcfa2c0:   00000075bdcfa2d8 00000075bdcfa4f0
0x00000075bdcfa2d0:   0000027207550e10 000000008135a458
0x00000075bdcfa2e0:   0000000080c2c518 0000000094fd0050
0x00000075bdcfa2f0:   0000000080c615f8 0000000080a77800
0x00000075bdcfa300:   0000000080a77828 00000000818917c0
0x00000075bdcfa310:   0000000094e94968 0000027207550e10
0x00000075bdcfa320:   0000000080fc7ca8 0000000094de9538
0x00000075bdcfa330:   0000000094ef1818 0000027228d0d800 

Instructions: (pc=0x000000000000000f)
0xffffffffffffffef:   


Stack slot to memory mapping:
stack at sp + 0 slots: 0x0000027207559f16 is at code_begin+1878 in an Interpreter codelet
invoke return entry points  [0x00000272075597c0, 0x000002720755a1a0]  2528 bytes
stack at sp + 1 slots: 0x000000008135a458 is an oop: org.gradle.internal.jvm.JavaModuleDetector 
{0x000000008135a458} - klass: 'org/gradle/internal/jvm/JavaModuleDetector'
stack at sp + 2 slots: 0x0000000080c2c518 is an oop: org.gradle.api.internal.model.DefaultObjectFactory 
{0x0000000080c2c518} - klass: 'org/gradle/api/internal/model/DefaultObjectFactory'
stack at sp + 3 slots: 0x0000000094fd0050 is an oop: org.gradle.initialization.DefaultBuildCancellationToken 
{0x0000000094fd0050} - klass: 'org/gradle/initialization/DefaultBuildCancellationToken'
stack at sp + 4 slots: 0x0000000080c615f8 is an oop: org.gradle.internal.instantiation.generator.DependencyInjectingInstantiator 
{0x0000000080c615f8} - klass: 'org/gradle/internal/instantiation/generator/DependencyInjectingInstantiator'
stack at sp + 5 slots: 0x0000000080a77800 is an oop: org.gradle.api.internal.file.DefaultFileCollectionFactory 
{0x0000000080a77800} - klass: 'org/gradle/api/internal/file/DefaultFileCollectionFactory'
stack at sp + 6 slots: 0x0000000080a77828 is an oop: org.gradle.api.internal.file.IdentityFileResolver 
{0x0000000080a77828} - klass: 'org/gradle/api/internal/file/IdentityFileResolver'
stack at sp + 7 slots: 0x00000000818917c0 is an oop: org.gradle.process.internal.DefaultExecActionFactory$DecoratingExecActionFactory 
{0x00000000818917c0} - klass: 'org/gradle/process/internal/DefaultExecActionFactory$DecoratingExecActionFactory'


---------------  P R O C E S S  ---------------

Threads class SMR info:
_java_thread_list=0x000002721fcefb80, length=31, elements={
0x000002727a65f000, 0x0000027218714800, 0x000002721871d800, 0x000002721872d800,
0x000002721872e800, 0x000002721872f000, 0x0000027218732800, 0x0000027218734800,
0x0000027218735800, 0x0000027219203000, 0x000002721b62e800, 0x00000272193fb000,
0x000002721a2a8800, 0x000002721bdac000, 0x000002721bda8800, 0x000002721bda7000,
0x000002721bda6000, 0x000002721fc86000, 0x0000027220653800, 0x0000027228d13800,
0x0000027228d09000, 0x0000027228d0c000, 0x0000027228d0d000, 0x0000027228d0d800,
0x0000027228d0a800, 0x0000027228d10000, 0x0000027228d11000, 0x0000027228d0f800,
0x0000027228d0b800, 0x0000027228d14800, 0x0000027228d17800
}

Java Threads: ( => current thread )
  0x000002727a65f000 JavaThread "main" [_thread_blocked, id=18216, stack(0x00000075bc600000,0x00000075bc700000)]
  0x0000027218714800 JavaThread "Reference Handler" daemon [_thread_blocked, id=10160, stack(0x00000075bcd00000,0x00000075bce00000)]
  0x000002721871d800 JavaThread "Finalizer" daemon [_thread_blocked, id=26604, stack(0x00000075bce00000,0x00000075bcf00000)]
  0x000002721872d800 JavaThread "Signal Dispatcher" daemon [_thread_blocked, id=8324, stack(0x00000075bcf00000,0x00000075bd000000)]
  0x000002721872e800 JavaThread "Attach Listener" daemon [_thread_blocked, id=9420, stack(0x00000075bd000000,0x00000075bd100000)]
  0x000002721872f000 JavaThread "Service Thread" daemon [_thread_blocked, id=22984, stack(0x00000075bd100000,0x00000075bd200000)]
  0x0000027218732800 JavaThread "C2 CompilerThread0" daemon [_thread_blocked, id=3612, stack(0x00000075bd200000,0x00000075bd300000)]
  0x0000027218734800 JavaThread "C1 CompilerThread0" daemon [_thread_blocked, id=24508, stack(0x00000075bd300000,0x00000075bd400000)]
  0x0000027218735800 JavaThread "Sweeper thread" daemon [_thread_blocked, id=15852, stack(0x00000075bd400000,0x00000075bd500000)]
  0x0000027219203000 JavaThread "Common-Cleaner" daemon [_thread_blocked, id=13068, stack(0x00000075bd500000,0x00000075bd600000)]
  0x000002721b62e800 JavaThread "Daemon health stats" [_thread_blocked, id=24832, stack(0x00000075bda00000,0x00000075bdb00000)]
  0x00000272193fb000 JavaThread "Incoming local TCP Connector on port 51684" [_thread_in_native, id=25648, stack(0x00000075bd700000,0x00000075bd800000)]
  0x000002721a2a8800 JavaThread "Daemon periodic checks" [_thread_blocked, id=19864, stack(0x00000075bdb00000,0x00000075bdc00000)]
  0x000002721bdac000 JavaThread "Cache worker for file hash cache (C:\Users\asus\.gradle\caches\6.9\fileHashes)" [_thread_blocked, id=11636, stack(0x00000075be900000,0x00000075bea00000)]
  0x000002721bda8800 JavaThread "File lock request listener" [_thread_in_native, id=10540, stack(0x00000075bea00000,0x00000075beb00000)]
  0x000002721bda7000 JavaThread "Cache worker for journal cache (C:\Users\asus\.gradle\caches\journal-1)" [_thread_blocked, id=10244, stack(0x00000075beb00000,0x00000075bec00000)]
  0x000002721bda6000 JavaThread "Cache worker for execution history cache (C:\Users\asus\.gradle\caches\6.9\executionHistory)" [_thread_blocked, id=21304, stack(0x00000075bf300000,0x00000075bf400000)]
  0x000002721fc86000 JavaThread "Cache worker for file content cache (C:\Users\asus\.gradle\caches\6.9\fileContent)" [_thread_blocked, id=23996, stack(0x00000075bf400000,0x00000075bf500000)]
  0x0000027220653800 JavaThread "Memory manager" [_thread_blocked, id=1508, stack(0x00000075c5c00000,0x00000075c5d00000)]
  0x0000027228d13800 JavaThread "ForkJoinPool.commonPool-worker-13" daemon [_thread_blocked, id=24676, stack(0x00000075c9500000,0x00000075c9600000)]
  0x0000027228d09000 JavaThread "Daemon Thread 2" [_thread_blocked, id=7416, stack(0x00000075bc300000,0x00000075bc400000)]
  0x0000027228d0c000 JavaThread "Handler for socket connection from /127.0.0.1:51684 to /127.0.0.1:55971" [_thread_in_native, id=21024, stack(0x00000075bc400000,0x00000075bc500000)]
  0x0000027228d0d000 JavaThread "Cancel handler" [_thread_blocked, id=13404, stack(0x00000075bc500000,0x00000075bc600000)]
=>0x0000027228d0d800 JavaThread "Daemon worker Thread 2" [_thread_in_Java, id=8272, stack(0x00000075bdc00000,0x00000075bdd00000)]
  0x0000027228d0a800 JavaThread "Asynchronous log dispatcher for DefaultDaemonConnection: socket connection from /127.0.0.1:51684 to /127.0.0.1:55971" [_thread_blocked, id=18628, stack(0x00000075bdd00000,0x00000075bde00000)]
  0x0000027228d10000 JavaThread "Stdin handler" [_thread_blocked, id=24340, stack(0x00000075bde00000,0x00000075bdf00000)]
  0x0000027228d11000 JavaThread "Daemon client event forwarder" [_thread_blocked, id=2964, stack(0x00000075bdf00000,0x00000075be000000)]
  0x0000027228d0f800 JavaThread "Cache worker for file hash cache (D:\projects\mega_taxi_app\android\.gradle\6.9\fileHashes)" [_thread_blocked, id=20300, stack(0x00000075be000000,0x00000075be100000)]
  0x0000027228d0b800 JavaThread "Cache worker for checksums cache (D:\projects\mega_taxi_app\android\.gradle\checksums)" [_thread_blocked, id=22044, stack(0x00000075be100000,0x00000075be200000)]
  0x0000027228d14800 JavaThread "Cache worker for cache directory md-supplier (C:\Users\asus\.gradle\caches\6.9\md-supplier)" [_thread_blocked, id=7116, stack(0x00000075be200000,0x00000075be300000)]
  0x0000027228d17800 JavaThread "Cache worker for cache directory md-rule (C:\Users\asus\.gradle\caches\6.9\md-rule)" [_thread_blocked, id=19048, stack(0x00000075bed00000,0x00000075bee00000)]

Other Threads:
  0x0000027218710800 VMThread "VM Thread" [stack: 0x00000075bcc00000,0x00000075bcd00000] [id=2840]
  0x0000027219211800 WatcherThread [stack: 0x00000075bd600000,0x00000075bd700000] [id=3396]
  0x000002727a673000 GCTaskThread "GC Thread#0" [stack: 0x00000075bc700000,0x00000075bc800000] [id=16272]
  0x0000027219bcc000 GCTaskThread "GC Thread#1" [stack: 0x00000075bd800000,0x00000075bd900000] [id=25496]
  0x0000027219bcc800 GCTaskThread "GC Thread#2" [stack: 0x00000075bd900000,0x00000075bda00000] [id=26528]
  0x000002721ab7b000 GCTaskThread "GC Thread#3" [stack: 0x00000075be300000,0x00000075be400000] [id=26004]
  0x000002721b9bd000 GCTaskThread "GC Thread#4" [stack: 0x00000075be400000,0x00000075be500000] [id=11236]
  0x000002721a771800 GCTaskThread "GC Thread#5" [stack: 0x00000075be500000,0x00000075be600000] [id=14808]
  0x000002721b0dd000 GCTaskThread "GC Thread#6" [stack: 0x00000075be600000,0x00000075be700000] [id=18948]
  0x000002721b2c5000 GCTaskThread "GC Thread#7" [stack: 0x00000075be700000,0x00000075be800000] [id=21044]
  0x000002727a6a5000 ConcurrentGCThread "G1 Main Marker" [stack: 0x00000075bc800000,0x00000075bc900000] [id=16792]
  0x000002727a6a6800 ConcurrentGCThread "G1 Conc#0" [stack: 0x00000075bc900000,0x00000075bca00000] [id=9068]
  0x000002721b51a800 ConcurrentGCThread "G1 Conc#1" [stack: 0x00000075bec00000,0x00000075bed00000] [id=11444]
  0x0000027218560800 ConcurrentGCThread "G1 Refine#0" [stack: 0x00000075bca00000,0x00000075bcb00000] [id=8036]
  0x000002721cc56800 ConcurrentGCThread "G1 Refine#1" [stack: 0x00000075be800000,0x00000075be900000] [id=9044]
  0x0000027218561000 ConcurrentGCThread "G1 Young RemSet Sampling" [stack: 0x00000075bcb00000,0x00000075bcc00000] [id=17656]

Threads with active compile tasks:

VM state:not at safepoint (normal execution)

VM Mutex/Monitor currently owned by a thread: None

Heap address: 0x0000000080000000, size: 2048 MB, Compressed Oops mode: 32-bit
Narrow klass base: 0x0000000000000000, Narrow klass shift: 3
Compressed class space size: 1073741824 Address: 0x0000000100000000

Heap:
 garbage-first heap   total 372736K, used 269953K [0x0000000080000000, 0x0000000100000000)
  region size 1024K, 31 young (31744K), 1 survivors (1024K)
 Metaspace       used 110581K, capacity 116615K, committed 116864K, reserved 1150976K
  class space    used 14120K, capacity 16159K, committed 16256K, reserved 1048576K
Heap Regions: E=young(eden), S=young(survivor), O=old, HS=humongous(starts), HC=humongous(continues), CS=collection set, F=free, A=archive, TAMS=top-at-mark-start (previous, next)
|   0|0x0000000080000000, 0x0000000080100000, 0x0000000080100000|100%| O|  |TAMS 0x0000000080100000, 0x0000000080000000| Untracked 
|   1|0x0000000080100000, 0x0000000080200000, 0x0000000080200000|100%| O|  |TAMS 0x0000000080200000, 0x0000000080100000| Untracked 
|   2|0x0000000080200000, 0x0000000080300000, 0x0000000080300000|100%| O|  |TAMS 0x0000000080300000, 0x0000000080200000| Untracked 
|   3|0x0000000080300000, 0x0000000080400000, 0x0000000080400000|100%|HS|  |TAMS 0x0000000080400000, 0x0000000080300000| Complete 
|   4|0x0000000080400000, 0x0000000080500000, 0x0000000080500000|100%|HC|  |TAMS 0x0000000080500000, 0x0000000080400000| Complete 
|   5|0x0000000080500000, 0x0000000080600000, 0x0000000080600000|100%|HC|  |TAMS 0x0000000080600000, 0x0000000080500000| Complete 
|   6|0x0000000080600000, 0x0000000080700000, 0x0000000080700000|100%| O|  |TAMS 0x0000000080700000, 0x0000000080600000| Untracked 
|   7|0x0000000080700000, 0x0000000080800000, 0x0000000080800000|100%| O|  |TAMS 0x0000000080800000, 0x0000000080700000| Untracked 
|   8|0x0000000080800000, 0x0000000080900000, 0x0000000080900000|100%| O|  |TAMS 0x0000000080900000, 0x0000000080800000| Untracked 
|   9|0x0000000080900000, 0x0000000080a00000, 0x0000000080a00000|100%| O|  |TAMS 0x0000000080a00000, 0x0000000080900000| Untracked 
|  10|0x0000000080a00000, 0x0000000080b00000, 0x0000000080b00000|100%| O|  |TAMS 0x0000000080b00000, 0x0000000080a00000| Untracked 
|  11|0x0000000080b00000, 0x0000000080c00000, 0x0000000080c00000|100%| O|  |TAMS 0x0000000080c00000, 0x0000000080b00000| Untracked 
|  12|0x0000000080c00000, 0x0000000080d00000, 0x0000000080d00000|100%| O|  |TAMS 0x0000000080d00000, 0x0000000080c00000| Untracked 
|  13|0x0000000080d00000, 0x0000000080e00000, 0x0000000080e00000|100%| O|  |TAMS 0x0000000080e00000, 0x0000000080d00000| Untracked 
|  14|0x0000000080e00000, 0x0000000080f00000, 0x0000000080f00000|100%| O|  |TAMS 0x0000000080f00000, 0x0000000080e00000| Untracked 
|  15|0x0000000080f00000, 0x0000000081000000, 0x0000000081000000|100%| O|  |TAMS 0x0000000081000000, 0x0000000080f00000| Untracked 
|  16|0x0000000081000000, 0x0000000081100000, 0x0000000081100000|100%| O|  |TAMS 0x0000000081100000, 0x0000000081000000| Untracked 
|  17|0x0000000081100000, 0x0000000081200000, 0x0000000081200000|100%| O|  |TAMS 0x0000000081200000, 0x0000000081100000| Untracked 
|  18|0x0000000081200000, 0x0000000081300000, 0x0000000081300000|100%| O|  |TAMS 0x0000000081300000, 0x0000000081200000| Untracked 
|  19|0x0000000081300000, 0x0000000081400000, 0x0000000081400000|100%| O|  |TAMS 0x0000000081400000, 0x0000000081300000| Untracked 
|  20|0x0000000081400000, 0x0000000081500000, 0x0000000081500000|100%| O|  |TAMS 0x0000000081500000, 0x0000000081400000| Untracked 
|  21|0x0000000081500000, 0x0000000081600000, 0x0000000081600000|100%| O|  |TAMS 0x0000000081600000, 0x0000000081500000| Untracked 
|  22|0x0000000081600000, 0x0000000081700000, 0x0000000081700000|100%| O|  |TAMS 0x0000000081700000, 0x0000000081600000| Untracked 
|  23|0x0000000081700000, 0x0000000081800000, 0x0000000081800000|100%| O|  |TAMS 0x0000000081800000, 0x0000000081700000| Untracked 
|  24|0x0000000081800000, 0x0000000081900000, 0x0000000081900000|100%| O|  |TAMS 0x0000000081900000, 0x0000000081800000| Untracked 
|  25|0x0000000081900000, 0x0000000081a00000, 0x0000000081a00000|100%| O|  |TAMS 0x0000000081a00000, 0x0000000081900000| Untracked 
|  26|0x0000000081a00000, 0x0000000081b00000, 0x0000000081b00000|100%| O|  |TAMS 0x0000000081b00000, 0x0000000081a00000| Untracked 
|  27|0x0000000081b00000, 0x0000000081c00000, 0x0000000081c00000|100%| O|  |TAMS 0x0000000081c00000, 0x0000000081b00000| Untracked 
|  28|0x0000000081c00000, 0x0000000081d00000, 0x0000000081d00000|100%|HS|  |TAMS 0x0000000081d00000, 0x0000000081c00000| Complete 
|  29|0x0000000081d00000, 0x0000000081e00000, 0x0000000081e00000|100%|HS|  |TAMS 0x0000000081e00000, 0x0000000081d00000| Complete 
|  30|0x0000000081e00000, 0x0000000081f00000, 0x0000000081f00000|100%|HC|  |TAMS 0x0000000081f00000, 0x0000000081e00000| Complete 
|  31|0x0000000081f00000, 0x0000000082000000, 0x0000000082000000|100%| O|  |TAMS 0x0000000082000000, 0x0000000081f00000| Untracked 
|  32|0x0000000082000000, 0x0000000082100000, 0x0000000082100000|100%| O|  |TAMS 0x0000000082100000, 0x0000000082000000| Untracked 
|  33|0x0000000082100000, 0x0000000082200000, 0x0000000082200000|100%| O|  |TAMS 0x0000000082200000, 0x0000000082100000| Untracked 
|  34|0x0000000082200000, 0x0000000082300000, 0x0000000082300000|100%| O|  |TAMS 0x0000000082300000, 0x0000000082200000| Untracked 
|  35|0x0000000082300000, 0x0000000082400000, 0x0000000082400000|100%| O|  |TAMS 0x0000000082400000, 0x0000000082300000| Untracked 
|  36|0x0000000082400000, 0x0000000082500000, 0x0000000082500000|100%| O|  |TAMS 0x0000000082500000, 0x0000000082400000| Untracked 
|  37|0x0000000082500000, 0x0000000082600000, 0x0000000082600000|100%| O|  |TAMS 0x0000000082600000, 0x0000000082500000| Untracked 
|  38|0x0000000082600000, 0x0000000082700000, 0x0000000082700000|100%| O|  |TAMS 0x0000000082700000, 0x0000000082600000| Untracked 
|  39|0x0000000082700000, 0x0000000082800000, 0x0000000082800000|100%| O|  |TAMS 0x0000000082800000, 0x0000000082700000| Untracked 
|  40|0x0000000082800000, 0x0000000082900000, 0x0000000082900000|100%| O|  |TAMS 0x0000000082900000, 0x0000000082800000| Untracked 
|  41|0x0000000082900000, 0x0000000082a00000, 0x0000000082a00000|100%| O|  |TAMS 0x0000000082a00000, 0x0000000082900000| Untracked 
|  42|0x0000000082a00000, 0x0000000082b00000, 0x0000000082b00000|100%| O|  |TAMS 0x0000000082b00000, 0x0000000082a00000| Untracked 
|  43|0x0000000082b00000, 0x0000000082c00000, 0x0000000082c00000|100%| O|  |TAMS 0x0000000082c00000, 0x0000000082b00000| Untracked 
|  44|0x0000000082c00000, 0x0000000082d00000, 0x0000000082d00000|100%| O|  |TAMS 0x0000000082d00000, 0x0000000082c00000| Untracked 
|  45|0x0000000082d00000, 0x0000000082e00000, 0x0000000082e00000|100%| O|  |TAMS 0x0000000082e00000, 0x0000000082d00000| Untracked 
|  46|0x0000000082e00000, 0x0000000082f00000, 0x0000000082f00000|100%| O|  |TAMS 0x0000000082f00000, 0x0000000082e00000| Untracked 
|  47|0x0000000082f00000, 0x0000000083000000, 0x0000000083000000|100%| O|  |TAMS 0x0000000083000000, 0x0000000082f00000| Untracked 
|  48|0x0000000083000000, 0x0000000083100000, 0x0000000083100000|100%| O|  |TAMS 0x0000000083100000, 0x0000000083000000| Untracked 
|  49|0x0000000083100000, 0x0000000083200000, 0x0000000083200000|100%| O|  |TAMS 0x0000000083200000, 0x0000000083100000| Untracked 
|  50|0x0000000083200000, 0x0000000083300000, 0x0000000083300000|100%| O|  |TAMS 0x0000000083300000, 0x0000000083200000| Untracked 
|  51|0x0000000083300000, 0x0000000083400000, 0x0000000083400000|100%| O|  |TAMS 0x0000000083400000, 0x0000000083300000| Untracked 
|  52|0x0000000083400000, 0x0000000083500000, 0x0000000083500000|100%| O|  |TAMS 0x0000000083500000, 0x0000000083400000| Untracked 
|  53|0x0000000083500000, 0x0000000083600000, 0x0000000083600000|100%| O|  |TAMS 0x0000000083600000, 0x0000000083500000| Untracked 
|  54|0x0000000083600000, 0x0000000083700000, 0x0000000083700000|100%| O|  |TAMS 0x0000000083700000, 0x0000000083600000| Untracked 
|  55|0x0000000083700000, 0x0000000083800000, 0x0000000083800000|100%| O|  |TAMS 0x0000000083800000, 0x0000000083700000| Untracked 
|  56|0x0000000083800000, 0x0000000083900000, 0x0000000083900000|100%| O|  |TAMS 0x0000000083900000, 0x0000000083800000| Untracked 
|  57|0x0000000083900000, 0x0000000083a00000, 0x0000000083a00000|100%| O|  |TAMS 0x0000000083a00000, 0x0000000083900000| Untracked 
|  58|0x0000000083a00000, 0x0000000083b00000, 0x0000000083b00000|100%| O|  |TAMS 0x0000000083b00000, 0x0000000083a00000| Untracked 
|  59|0x0000000083b00000, 0x0000000083c00000, 0x0000000083c00000|100%| O|  |TAMS 0x0000000083c00000, 0x0000000083b00000| Untracked 
|  60|0x0000000083c00000, 0x0000000083d00000, 0x0000000083d00000|100%| O|  |TAMS 0x0000000083d00000, 0x0000000083c00000| Untracked 
|  61|0x0000000083d00000, 0x0000000083e00000, 0x0000000083e00000|100%|HS|  |TAMS 0x0000000083e00000, 0x0000000083d00000| Complete 
|  62|0x0000000083e00000, 0x0000000083f00000, 0x0000000083f00000|100%|HC|  |TAMS 0x0000000083f00000, 0x0000000083e00000| Complete 
|  63|0x0000000083f00000, 0x0000000084000000, 0x0000000084000000|100%|HC|  |TAMS 0x0000000084000000, 0x0000000083f00000| Complete 
|  64|0x0000000084000000, 0x0000000084100000, 0x0000000084100000|100%| O|  |TAMS 0x0000000084100000, 0x0000000084000000| Untracked 
|  65|0x0000000084100000, 0x0000000084200000, 0x0000000084200000|100%| O|  |TAMS 0x0000000084200000, 0x0000000084100000| Untracked 
|  66|0x0000000084200000, 0x0000000084300000, 0x0000000084300000|100%| O|  |TAMS 0x0000000084300000, 0x0000000084200000| Untracked 
|  67|0x0000000084300000, 0x0000000084400000, 0x0000000084400000|100%| O|  |TAMS 0x0000000084400000, 0x0000000084300000| Untracked 
|  68|0x0000000084400000, 0x0000000084500000, 0x0000000084500000|100%| O|  |TAMS 0x0000000084500000, 0x0000000084400000| Untracked 
|  69|0x0000000084500000, 0x0000000084600000, 0x0000000084600000|100%| O|  |TAMS 0x0000000084600000, 0x0000000084500000| Untracked 
|  70|0x0000000084600000, 0x0000000084700000, 0x0000000084700000|100%| O|  |TAMS 0x0000000084700000, 0x0000000084600000| Untracked 
|  71|0x0000000084700000, 0x0000000084800000, 0x0000000084800000|100%| O|  |TAMS 0x0000000084800000, 0x0000000084700000| Untracked 
|  72|0x0000000084800000, 0x0000000084900000, 0x0000000084900000|100%| O|  |TAMS 0x0000000084900000, 0x0000000084800000| Untracked 
|  73|0x0000000084900000, 0x0000000084a00000, 0x0000000084a00000|100%| O|  |TAMS 0x0000000084a00000, 0x0000000084900000| Untracked 
|  74|0x0000000084a00000, 0x0000000084b00000, 0x0000000084b00000|100%| O|  |TAMS 0x0000000084b00000, 0x0000000084a00000| Untracked 
|  75|0x0000000084b00000, 0x0000000084c00000, 0x0000000084c00000|100%| O|  |TAMS 0x0000000084c00000, 0x0000000084b00000| Untracked 
|  76|0x0000000084c00000, 0x0000000084d00000, 0x0000000084d00000|100%| O|  |TAMS 0x0000000084d00000, 0x0000000084c00000| Untracked 
|  77|0x0000000084d00000, 0x0000000084e00000, 0x0000000084e00000|100%| O|  |TAMS 0x0000000084e00000, 0x0000000084d00000| Untracked 
|  78|0x0000000084e00000, 0x0000000084f00000, 0x0000000084f00000|100%| O|  |TAMS 0x0000000084f00000, 0x0000000084e00000| Untracked 
|  79|0x0000000084f00000, 0x0000000085000000, 0x0000000085000000|100%| O|  |TAMS 0x0000000085000000, 0x0000000084f00000| Untracked 
|  80|0x0000000085000000, 0x0000000085100000, 0x0000000085100000|100%| O|  |TAMS 0x0000000085100000, 0x0000000085000000| Untracked 
|  81|0x0000000085100000, 0x0000000085200000, 0x0000000085200000|100%| O|  |TAMS 0x0000000085200000, 0x0000000085100000| Untracked 
|  82|0x0000000085200000, 0x0000000085300000, 0x0000000085300000|100%| O|  |TAMS 0x0000000085300000, 0x0000000085200000| Untracked 
|  83|0x0000000085300000, 0x0000000085400000, 0x0000000085400000|100%| O|  |TAMS 0x0000000085400000, 0x0000000085300000| Untracked 
|  84|0x0000000085400000, 0x0000000085500000, 0x0000000085500000|100%| O|  |TAMS 0x0000000085500000, 0x0000000085400000| Untracked 
|  85|0x0000000085500000, 0x0000000085600000, 0x0000000085600000|100%| O|  |TAMS 0x0000000085600000, 0x0000000085500000| Untracked 
|  86|0x0000000085600000, 0x0000000085700000, 0x0000000085700000|100%| O|  |TAMS 0x0000000085700000, 0x0000000085600000| Untracked 
|  87|0x0000000085700000, 0x0000000085800000, 0x0000000085800000|100%| O|  |TAMS 0x0000000085800000, 0x0000000085700000| Untracked 
|  88|0x0000000085800000, 0x0000000085900000, 0x0000000085900000|100%| O|  |TAMS 0x0000000085900000, 0x0000000085800000| Untracked 
|  89|0x0000000085900000, 0x0000000085a00000, 0x0000000085a00000|100%| O|  |TAMS 0x0000000085a00000, 0x0000000085900000| Untracked 
|  90|0x0000000085a00000, 0x0000000085b00000, 0x0000000085b00000|100%| O|  |TAMS 0x0000000085b00000, 0x0000000085a00000| Untracked 
|  91|0x0000000085b00000, 0x0000000085c00000, 0x0000000085c00000|100%| O|  |TAMS 0x0000000085c00000, 0x0000000085b00000| Untracked 
|  92|0x0000000085c00000, 0x0000000085d00000, 0x0000000085d00000|100%| O|  |TAMS 0x0000000085d00000, 0x0000000085c00000| Untracked 
|  93|0x0000000085d00000, 0x0000000085e00000, 0x0000000085e00000|100%| O|  |TAMS 0x0000000085e00000, 0x0000000085d00000| Untracked 
|  94|0x0000000085e00000, 0x0000000085f00000, 0x0000000085f00000|100%| O|  |TAMS 0x0000000085f00000, 0x0000000085e00000| Untracked 
|  95|0x0000000085f00000, 0x0000000086000000, 0x0000000086000000|100%| O|  |TAMS 0x0000000086000000, 0x0000000085f00000| Untracked 
|  96|0x0000000086000000, 0x0000000086100000, 0x0000000086100000|100%| O|  |TAMS 0x0000000086100000, 0x0000000086000000| Untracked 
|  97|0x0000000086100000, 0x0000000086200000, 0x0000000086200000|100%| O|  |TAMS 0x0000000086200000, 0x0000000086100000| Untracked 
|  98|0x0000000086200000, 0x0000000086300000, 0x0000000086300000|100%| O|  |TAMS 0x0000000086300000, 0x0000000086200000| Untracked 
|  99|0x0000000086300000, 0x0000000086400000, 0x0000000086400000|100%| O|  |TAMS 0x0000000086400000, 0x0000000086300000| Untracked 
| 100|0x0000000086400000, 0x0000000086500000, 0x0000000086500000|100%| O|  |TAMS 0x0000000086500000, 0x0000000086400000| Untracked 
| 101|0x0000000086500000, 0x0000000086600000, 0x0000000086600000|100%| O|  |TAMS 0x0000000086600000, 0x0000000086500000| Untracked 
| 102|0x0000000086600000, 0x0000000086700000, 0x0000000086700000|100%| O|  |TAMS 0x0000000086700000, 0x0000000086600000| Untracked 
| 103|0x0000000086700000, 0x0000000086800000, 0x0000000086800000|100%| O|  |TAMS 0x0000000086800000, 0x0000000086700000| Untracked 
| 104|0x0000000086800000, 0x0000000086900000, 0x0000000086900000|100%| O|  |TAMS 0x0000000086900000, 0x0000000086800000| Untracked 
| 105|0x0000000086900000, 0x0000000086a00000, 0x0000000086a00000|100%| O|  |TAMS 0x0000000086a00000, 0x0000000086900000| Untracked 
| 106|0x0000000086a00000, 0x0000000086b00000, 0x0000000086b00000|100%| O|  |TAMS 0x0000000086b00000, 0x0000000086a00000| Untracked 
| 107|0x0000000086b00000, 0x0000000086c00000, 0x0000000086c00000|100%|HS|  |TAMS 0x0000000086c00000, 0x0000000086b00000| Complete 
| 108|0x0000000086c00000, 0x0000000086d00000, 0x0000000086d00000|100%|HS|  |TAMS 0x0000000086d00000, 0x0000000086c00000| Complete 
| 109|0x0000000086d00000, 0x0000000086e00000, 0x0000000086e00000|100%|HS|  |TAMS 0x0000000086e00000, 0x0000000086d00000| Complete 
| 110|0x0000000086e00000, 0x0000000086f00000, 0x0000000086f00000|100%|HC|  |TAMS 0x0000000086f00000, 0x0000000086e00000| Complete 
| 111|0x0000000086f00000, 0x0000000087000000, 0x0000000087000000|100%|HC|  |TAMS 0x0000000087000000, 0x0000000086f00000| Complete 
| 112|0x0000000087000000, 0x0000000087100000, 0x0000000087100000|100%|HS|  |TAMS 0x0000000087100000, 0x0000000087000000| Complete 
| 113|0x0000000087100000, 0x0000000087200000, 0x0000000087200000|100%|HC|  |TAMS 0x0000000087200000, 0x0000000087100000| Complete 
| 114|0x0000000087200000, 0x0000000087300000, 0x0000000087300000|100%| O|  |TAMS 0x0000000087300000, 0x0000000087200000| Untracked 
| 115|0x0000000087300000, 0x0000000087400000, 0x0000000087400000|100%| O|  |TAMS 0x0000000087400000, 0x0000000087300000| Untracked 
| 116|0x0000000087400000, 0x0000000087500000, 0x0000000087500000|100%| O|  |TAMS 0x0000000087500000, 0x0000000087400000| Untracked 
| 117|0x0000000087500000, 0x0000000087600000, 0x0000000087600000|100%| O|  |TAMS 0x0000000087600000, 0x0000000087500000| Untracked 
| 118|0x0000000087600000, 0x0000000087700000, 0x0000000087700000|100%| O|  |TAMS 0x0000000087700000, 0x0000000087600000| Untracked 
| 119|0x0000000087700000, 0x0000000087800000, 0x0000000087800000|100%| O|  |TAMS 0x0000000087800000, 0x0000000087700000| Untracked 
| 120|0x0000000087800000, 0x0000000087900000, 0x0000000087900000|100%| O|  |TAMS 0x0000000087900000, 0x0000000087800000| Untracked 
| 121|0x0000000087900000, 0x0000000087a00000, 0x0000000087a00000|100%| O|  |TAMS 0x0000000087a00000, 0x0000000087900000| Untracked 
| 122|0x0000000087a00000, 0x0000000087b00000, 0x0000000087b00000|100%| O|  |TAMS 0x0000000087b00000, 0x0000000087a00000| Untracked 
| 123|0x0000000087b00000, 0x0000000087c00000, 0x0000000087c00000|100%| O|  |TAMS 0x0000000087c00000, 0x0000000087b00000| Untracked 
| 124|0x0000000087c00000, 0x0000000087d00000, 0x0000000087d00000|100%| O|  |TAMS 0x0000000087d00000, 0x0000000087c00000| Untracked 
| 125|0x0000000087d00000, 0x0000000087e00000, 0x0000000087e00000|100%|HS|  |TAMS 0x0000000087e00000, 0x0000000087d00000| Complete 
| 126|0x0000000087e00000, 0x0000000087f00000, 0x0000000087f00000|100%|HC|  |TAMS 0x0000000087f00000, 0x0000000087e00000| Complete 
| 127|0x0000000087f00000, 0x0000000088000000, 0x0000000088000000|100%|HC|  |TAMS 0x0000000088000000, 0x0000000087f00000| Complete 
| 128|0x0000000088000000, 0x0000000088100000, 0x0000000088100000|100%| O|  |TAMS 0x0000000088100000, 0x0000000088000000| Untracked 
| 129|0x0000000088100000, 0x0000000088200000, 0x0000000088200000|100%| O|  |TAMS 0x0000000088200000, 0x0000000088100000| Untracked 
| 130|0x0000000088200000, 0x0000000088300000, 0x0000000088300000|100%| O|  |TAMS 0x0000000088300000, 0x0000000088200000| Untracked 
| 131|0x0000000088300000, 0x0000000088400000, 0x0000000088400000|100%| O|  |TAMS 0x0000000088400000, 0x0000000088300000| Untracked 
| 132|0x0000000088400000, 0x0000000088500000, 0x0000000088500000|100%| O|  |TAMS 0x0000000088500000, 0x0000000088400000| Untracked 
| 133|0x0000000088500000, 0x0000000088600000, 0x0000000088600000|100%| O|  |TAMS 0x0000000088600000, 0x0000000088500000| Untracked 
| 134|0x0000000088600000, 0x0000000088700000, 0x0000000088700000|100%|HS|  |TAMS 0x0000000088700000, 0x0000000088600000| Complete 
| 135|0x0000000088700000, 0x0000000088800000, 0x0000000088800000|100%|HC|  |TAMS 0x0000000088800000, 0x0000000088700000| Complete 
| 136|0x0000000088800000, 0x0000000088900000, 0x0000000088900000|100%|HC|  |TAMS 0x0000000088900000, 0x0000000088800000| Complete 
| 137|0x0000000088900000, 0x0000000088a00000, 0x0000000088a00000|100%| O|  |TAMS 0x0000000088a00000, 0x0000000088900000| Untracked 
| 138|0x0000000088a00000, 0x0000000088b00000, 0x0000000088b00000|100%| O|  |TAMS 0x0000000088b00000, 0x0000000088a00000| Untracked 
| 139|0x0000000088b00000, 0x0000000088c00000, 0x0000000088c00000|100%| O|  |TAMS 0x0000000088c00000, 0x0000000088b00000| Untracked 
| 140|0x0000000088c00000, 0x0000000088d00000, 0x0000000088d00000|100%| O|  |TAMS 0x0000000088d00000, 0x0000000088c00000| Untracked 
| 141|0x0000000088d00000, 0x0000000088e00000, 0x0000000088e00000|100%| O|  |TAMS 0x0000000088e00000, 0x0000000088d00000| Untracked 
| 142|0x0000000088e00000, 0x0000000088f00000, 0x0000000088f00000|100%| O|  |TAMS 0x0000000088f00000, 0x0000000088e00000| Untracked 
| 143|0x0000000088f00000, 0x0000000089000000, 0x0000000089000000|100%| O|  |TAMS 0x0000000089000000, 0x0000000088f00000| Untracked 
| 144|0x0000000089000000, 0x0000000089100000, 0x0000000089100000|100%| O|  |TAMS 0x0000000089100000, 0x0000000089000000| Untracked 
| 145|0x0000000089100000, 0x0000000089200000, 0x0000000089200000|100%| O|  |TAMS 0x0000000089200000, 0x0000000089100000| Untracked 
| 146|0x0000000089200000, 0x0000000089300000, 0x0000000089300000|100%| O|  |TAMS 0x0000000089300000, 0x0000000089200000| Untracked 
| 147|0x0000000089300000, 0x0000000089400000, 0x0000000089400000|100%| O|  |TAMS 0x0000000089400000, 0x0000000089300000| Untracked 
| 148|0x0000000089400000, 0x0000000089500000, 0x0000000089500000|100%| O|  |TAMS 0x0000000089500000, 0x0000000089400000| Untracked 
| 149|0x0000000089500000, 0x0000000089600000, 0x0000000089600000|100%| O|  |TAMS 0x0000000089600000, 0x0000000089500000| Untracked 
| 150|0x0000000089600000, 0x0000000089700000, 0x0000000089700000|100%| O|  |TAMS 0x0000000089700000, 0x0000000089600000| Untracked 
| 151|0x0000000089700000, 0x0000000089800000, 0x0000000089800000|100%| O|  |TAMS 0x0000000089800000, 0x0000000089700000| Untracked 
| 152|0x0000000089800000, 0x0000000089900000, 0x0000000089900000|100%| O|  |TAMS 0x0000000089900000, 0x0000000089800000| Untracked 
| 153|0x0000000089900000, 0x0000000089a00000, 0x0000000089a00000|100%| O|  |TAMS 0x0000000089a00000, 0x0000000089900000| Untracked 
| 154|0x0000000089a00000, 0x0000000089b00000, 0x0000000089b00000|100%| O|  |TAMS 0x0000000089b00000, 0x0000000089a00000| Untracked 
| 155|0x0000000089b00000, 0x0000000089c00000, 0x0000000089c00000|100%| O|  |TAMS 0x0000000089c00000, 0x0000000089b00000| Untracked 
| 156|0x0000000089c00000, 0x0000000089d00000, 0x0000000089d00000|100%| O|  |TAMS 0x0000000089d00000, 0x0000000089c00000| Untracked 
| 157|0x0000000089d00000, 0x0000000089e00000, 0x0000000089e00000|100%| O|  |TAMS 0x0000000089e00000, 0x0000000089d00000| Untracked 
| 158|0x0000000089e00000, 0x0000000089e00000, 0x0000000089f00000|  0%| F|  |TAMS 0x0000000089e00000, 0x0000000089e00000| Untracked 
| 159|0x0000000089f00000, 0x000000008a000000, 0x000000008a000000|100%| O|  |TAMS 0x000000008a000000, 0x0000000089f00000| Untracked 
| 160|0x000000008a000000, 0x000000008a100000, 0x000000008a100000|100%| O|  |TAMS 0x000000008a100000, 0x000000008a000000| Untracked 
| 161|0x000000008a100000, 0x000000008a200000, 0x000000008a200000|100%| O|  |TAMS 0x000000008a200000, 0x000000008a100000| Untracked 
| 162|0x000000008a200000, 0x000000008a300000, 0x000000008a300000|100%| O|  |TAMS 0x000000008a300000, 0x000000008a200000| Untracked 
| 163|0x000000008a300000, 0x000000008a300000, 0x000000008a400000|  0%| F|  |TAMS 0x000000008a300000, 0x000000008a300000| Untracked 
| 164|0x000000008a400000, 0x000000008a500000, 0x000000008a500000|100%| O|  |TAMS 0x000000008a500000, 0x000000008a400000| Untracked 
| 165|0x000000008a500000, 0x000000008a600000, 0x000000008a600000|100%| O|  |TAMS 0x000000008a600000, 0x000000008a500000| Untracked 
| 166|0x000000008a600000, 0x000000008a700000, 0x000000008a700000|100%| O|  |TAMS 0x000000008a700000, 0x000000008a600000| Untracked 
| 167|0x000000008a700000, 0x000000008a800000, 0x000000008a800000|100%| O|  |TAMS 0x000000008a800000, 0x000000008a700000| Untracked 
| 168|0x000000008a800000, 0x000000008a900000, 0x000000008a900000|100%| O|  |TAMS 0x000000008a900000, 0x000000008a800000| Untracked 
| 169|0x000000008a900000, 0x000000008aa00000, 0x000000008aa00000|100%| O|  |TAMS 0x000000008aa00000, 0x000000008a900000| Untracked 
| 170|0x000000008aa00000, 0x000000008aa00000, 0x000000008ab00000|  0%| F|  |TAMS 0x000000008aa00000, 0x000000008aa00000| Untracked 
| 171|0x000000008ab00000, 0x000000008ac00000, 0x000000008ac00000|100%| O|  |TAMS 0x000000008ac00000, 0x000000008ab00000| Untracked 
| 172|0x000000008ac00000, 0x000000008ad00000, 0x000000008ad00000|100%| O|  |TAMS 0x000000008ad00000, 0x000000008ac00000| Untracked 
| 173|0x000000008ad00000, 0x000000008ae00000, 0x000000008ae00000|100%| O|  |TAMS 0x000000008ae00000, 0x000000008ad00000| Untracked 
| 174|0x000000008ae00000, 0x000000008af00000, 0x000000008af00000|100%| O|  |TAMS 0x000000008af00000, 0x000000008ae00000| Untracked 
| 175|0x000000008af00000, 0x000000008b000000, 0x000000008b000000|100%| O|  |TAMS 0x000000008b000000, 0x000000008af00000| Untracked 
| 176|0x000000008b000000, 0x000000008b100000, 0x000000008b100000|100%| O|  |TAMS 0x000000008b100000, 0x000000008b000000| Untracked 
| 177|0x000000008b100000, 0x000000008b200000, 0x000000008b200000|100%| O|  |TAMS 0x000000008b200000, 0x000000008b100000| Untracked 
| 178|0x000000008b200000, 0x000000008b300000, 0x000000008b300000|100%| O|  |TAMS 0x000000008b300000, 0x000000008b200000| Untracked 
| 179|0x000000008b300000, 0x000000008b400000, 0x000000008b400000|100%| O|  |TAMS 0x000000008b400000, 0x000000008b300000| Untracked 
| 180|0x000000008b400000, 0x000000008b500000, 0x000000008b500000|100%| O|  |TAMS 0x000000008b500000, 0x000000008b400000| Untracked 
| 181|0x000000008b500000, 0x000000008b600000, 0x000000008b600000|100%| O|  |TAMS 0x000000008b600000, 0x000000008b500000| Untracked 
| 182|0x000000008b600000, 0x000000008b700000, 0x000000008b700000|100%| O|  |TAMS 0x000000008b700000, 0x000000008b600000| Untracked 
| 183|0x000000008b700000, 0x000000008b800000, 0x000000008b800000|100%| O|  |TAMS 0x000000008b800000, 0x000000008b700000| Untracked 
| 184|0x000000008b800000, 0x000000008b900000, 0x000000008b900000|100%| O|  |TAMS 0x000000008b900000, 0x000000008b800000| Untracked 
| 185|0x000000008b900000, 0x000000008ba00000, 0x000000008ba00000|100%| O|  |TAMS 0x000000008ba00000, 0x000000008b900000| Untracked 
| 186|0x000000008ba00000, 0x000000008bb00000, 0x000000008bb00000|100%| O|  |TAMS 0x000000008bb00000, 0x000000008ba00000| Untracked 
| 187|0x000000008bb00000, 0x000000008bc00000, 0x000000008bc00000|100%| O|  |TAMS 0x000000008bc00000, 0x000000008bb00000| Untracked 
| 188|0x000000008bc00000, 0x000000008bd00000, 0x000000008bd00000|100%| O|  |TAMS 0x000000008bd00000, 0x000000008bc00000| Untracked 
| 189|0x000000008bd00000, 0x000000008be00000, 0x000000008be00000|100%| O|  |TAMS 0x000000008be00000, 0x000000008bd00000| Untracked 
| 190|0x000000008be00000, 0x000000008bf00000, 0x000000008bf00000|100%| O|  |TAMS 0x000000008bf00000, 0x000000008be00000| Untracked 
| 191|0x000000008bf00000, 0x000000008c000000, 0x000000008c000000|100%| O|  |TAMS 0x000000008c000000, 0x000000008bf00000| Untracked 
| 192|0x000000008c000000, 0x000000008c100000, 0x000000008c100000|100%| O|  |TAMS 0x000000008c100000, 0x000000008c000000| Untracked 
| 193|0x000000008c100000, 0x000000008c200000, 0x000000008c200000|100%| O|  |TAMS 0x000000008c200000, 0x000000008c100000| Untracked 
| 194|0x000000008c200000, 0x000000008c300000, 0x000000008c300000|100%| O|  |TAMS 0x000000008c300000, 0x000000008c200000| Untracked 
| 195|0x000000008c300000, 0x000000008c400000, 0x000000008c400000|100%| O|  |TAMS 0x000000008c400000, 0x000000008c300000| Untracked 
| 196|0x000000008c400000, 0x000000008c500000, 0x000000008c500000|100%| O|  |TAMS 0x000000008c500000, 0x000000008c400000| Untracked 
| 197|0x000000008c500000, 0x000000008c600000, 0x000000008c600000|100%| O|  |TAMS 0x000000008c600000, 0x000000008c500000| Untracked 
| 198|0x000000008c600000, 0x000000008c700000, 0x000000008c700000|100%| O|  |TAMS 0x000000008c700000, 0x000000008c600000| Untracked 
| 199|0x000000008c700000, 0x000000008c800000, 0x000000008c800000|100%| O|  |TAMS 0x000000008c800000, 0x000000008c700000| Untracked 
| 200|0x000000008c800000, 0x000000008c900000, 0x000000008c900000|100%| O|  |TAMS 0x000000008c900000, 0x000000008c800000| Untracked 
| 201|0x000000008c900000, 0x000000008ca00000, 0x000000008ca00000|100%| O|  |TAMS 0x000000008ca00000, 0x000000008c900000| Untracked 
| 202|0x000000008ca00000, 0x000000008cb00000, 0x000000008cb00000|100%| O|  |TAMS 0x000000008cb00000, 0x000000008ca00000| Untracked 
| 203|0x000000008cb00000, 0x000000008cc00000, 0x000000008cc00000|100%| O|  |TAMS 0x000000008cc00000, 0x000000008cb00000| Untracked 
| 204|0x000000008cc00000, 0x000000008cd00000, 0x000000008cd00000|100%| O|  |TAMS 0x000000008cd00000, 0x000000008cc00000| Untracked 
| 205|0x000000008cd00000, 0x000000008ce00000, 0x000000008ce00000|100%| O|  |TAMS 0x000000008ce00000, 0x000000008cd00000| Untracked 
| 206|0x000000008ce00000, 0x000000008cf00000, 0x000000008cf00000|100%| O|  |TAMS 0x000000008cf00000, 0x000000008ce00000| Untracked 
| 207|0x000000008cf00000, 0x000000008d000000, 0x000000008d000000|100%| O|  |TAMS 0x000000008d000000, 0x000000008cf00000| Untracked 
| 208|0x000000008d000000, 0x000000008d100000, 0x000000008d100000|100%| O|  |TAMS 0x000000008d100000, 0x000000008d000000| Untracked 
| 209|0x000000008d100000, 0x000000008d200000, 0x000000008d200000|100%| O|  |TAMS 0x000000008d200000, 0x000000008d100000| Untracked 
| 210|0x000000008d200000, 0x000000008d300000, 0x000000008d300000|100%| O|  |TAMS 0x000000008d300000, 0x000000008d200000| Untracked 
| 211|0x000000008d300000, 0x000000008d400000, 0x000000008d400000|100%| O|  |TAMS 0x000000008d400000, 0x000000008d300000| Untracked 
| 212|0x000000008d400000, 0x000000008d500000, 0x000000008d500000|100%| O|  |TAMS 0x000000008d500000, 0x000000008d400000| Untracked 
| 213|0x000000008d500000, 0x000000008d600000, 0x000000008d600000|100%| O|  |TAMS 0x000000008d600000, 0x000000008d500000| Untracked 
| 214|0x000000008d600000, 0x000000008d700000, 0x000000008d700000|100%| O|  |TAMS 0x000000008d700000, 0x000000008d600000| Untracked 
| 215|0x000000008d700000, 0x000000008d800000, 0x000000008d800000|100%| O|  |TAMS 0x000000008d800000, 0x000000008d700000| Untracked 
| 216|0x000000008d800000, 0x000000008d900000, 0x000000008d900000|100%| O|  |TAMS 0x000000008d900000, 0x000000008d800000| Untracked 
| 217|0x000000008d900000, 0x000000008da00000, 0x000000008da00000|100%| O|  |TAMS 0x000000008da00000, 0x000000008d900000| Untracked 
| 218|0x000000008da00000, 0x000000008db00000, 0x000000008db00000|100%| O|  |TAMS 0x000000008db00000, 0x000000008da00000| Untracked 
| 219|0x000000008db00000, 0x000000008dc00000, 0x000000008dc00000|100%| O|  |TAMS 0x000000008dc00000, 0x000000008db00000| Untracked 
| 220|0x000000008dc00000, 0x000000008dd00000, 0x000000008dd00000|100%| O|  |TAMS 0x000000008dd00000, 0x000000008dc00000| Untracked 
| 221|0x000000008dd00000, 0x000000008de00000, 0x000000008de00000|100%| O|  |TAMS 0x000000008de00000, 0x000000008dd00000| Untracked 
| 222|0x000000008de00000, 0x000000008df00000, 0x000000008df00000|100%| O|  |TAMS 0x000000008df00000, 0x000000008de00000| Untracked 
| 223|0x000000008df00000, 0x000000008e000000, 0x000000008e000000|100%| O|  |TAMS 0x000000008e000000, 0x000000008df00000| Untracked 
| 224|0x000000008e000000, 0x000000008e100000, 0x000000008e100000|100%| O|  |TAMS 0x000000008e100000, 0x000000008e000000| Untracked 
| 225|0x000000008e100000, 0x000000008e200000, 0x000000008e200000|100%| O|  |TAMS 0x000000008e200000, 0x000000008e100000| Untracked 
| 226|0x000000008e200000, 0x000000008e300000, 0x000000008e300000|100%| O|  |TAMS 0x000000008e300000, 0x000000008e200000| Untracked 
| 227|0x000000008e300000, 0x000000008e400000, 0x000000008e400000|100%| O|  |TAMS 0x000000008e400000, 0x000000008e300000| Untracked 
| 228|0x000000008e400000, 0x000000008e500000, 0x000000008e500000|100%| O|  |TAMS 0x000000008e500000, 0x000000008e400000| Untracked 
| 229|0x000000008e500000, 0x000000008e500000, 0x000000008e600000|  0%| F|  |TAMS 0x000000008e500000, 0x000000008e500000| Untracked 
| 230|0x000000008e600000, 0x000000008e700000, 0x000000008e700000|100%| O|  |TAMS 0x000000008e600000, 0x000000008e600000| Untracked 
| 231|0x000000008e700000, 0x000000008e7d2c00, 0x000000008e800000| 82%| O|  |TAMS 0x000000008e700000, 0x000000008e700000| Untracked 
| 232|0x000000008e800000, 0x000000008e800000, 0x000000008e900000|  0%| F|  |TAMS 0x000000008e800000, 0x000000008e800000| Untracked 
| 233|0x000000008e900000, 0x000000008e900000, 0x000000008ea00000|  0%| F|  |TAMS 0x000000008e900000, 0x000000008e900000| Untracked 
| 234|0x000000008ea00000, 0x000000008ea00000, 0x000000008eb00000|  0%| F|  |TAMS 0x000000008ea00000, 0x000000008ea00000| Untracked 
| 235|0x000000008eb00000, 0x000000008eb00000, 0x000000008ec00000|  0%| F|  |TAMS 0x000000008eb00000, 0x000000008eb00000| Untracked 
| 236|0x000000008ec00000, 0x000000008ec00000, 0x000000008ed00000|  0%| F|  |TAMS 0x000000008ec00000, 0x000000008ec00000| Untracked 
| 237|0x000000008ed00000, 0x000000008ed00000, 0x000000008ee00000|  0%| F|  |TAMS 0x000000008ed00000, 0x000000008ed00000| Untracked 
| 238|0x000000008ee00000, 0x000000008ee00000, 0x000000008ef00000|  0%| F|  |TAMS 0x000000008ee00000, 0x000000008ee00000| Untracked 
| 239|0x000000008ef00000, 0x000000008ef00000, 0x000000008f000000|  0%| F|  |TAMS 0x000000008ef00000, 0x000000008ef00000| Untracked 
| 240|0x000000008f000000, 0x000000008f000000, 0x000000008f100000|  0%| F|  |TAMS 0x000000008f000000, 0x000000008f000000| Untracked 
| 241|0x000000008f100000, 0x000000008f100000, 0x000000008f200000|  0%| F|  |TAMS 0x000000008f100000, 0x000000008f100000| Untracked 
| 242|0x000000008f200000, 0x000000008f200000, 0x000000008f300000|  0%| F|  |TAMS 0x000000008f200000, 0x000000008f200000| Untracked 
| 243|0x000000008f300000, 0x000000008f400000, 0x000000008f400000|100%| O|  |TAMS 0x000000008f400000, 0x000000008f300000| Untracked 
| 244|0x000000008f400000, 0x000000008f400000, 0x000000008f500000|  0%| F|  |TAMS 0x000000008f400000, 0x000000008f400000| Untracked 
| 245|0x000000008f500000, 0x000000008f500000, 0x000000008f600000|  0%| F|  |TAMS 0x000000008f500000, 0x000000008f500000| Untracked 
| 246|0x000000008f600000, 0x000000008f600000, 0x000000008f700000|  0%| F|  |TAMS 0x000000008f600000, 0x000000008f600000| Untracked 
| 247|0x000000008f700000, 0x000000008f700000, 0x000000008f800000|  0%| F|  |TAMS 0x000000008f700000, 0x000000008f700000| Untracked 
| 248|0x000000008f800000, 0x000000008f800000, 0x000000008f900000|  0%| F|  |TAMS 0x000000008f800000, 0x000000008f800000| Untracked 
| 249|0x000000008f900000, 0x000000008f900000, 0x000000008fa00000|  0%| F|  |TAMS 0x000000008f900000, 0x000000008f900000| Untracked 
| 250|0x000000008fa00000, 0x000000008fa00000, 0x000000008fb00000|  0%| F|  |TAMS 0x000000008fa00000, 0x000000008fa00000| Untracked 
| 251|0x000000008fb00000, 0x000000008fb00000, 0x000000008fc00000|  0%| F|  |TAMS 0x000000008fb00000, 0x000000008fb00000| Untracked 
| 252|0x000000008fc00000, 0x000000008fc00000, 0x000000008fd00000|  0%| F|  |TAMS 0x000000008fc00000, 0x000000008fc00000| Untracked 
| 253|0x000000008fd00000, 0x000000008fd00000, 0x000000008fe00000|  0%| F|  |TAMS 0x000000008fd00000, 0x000000008fd00000| Untracked 
| 254|0x000000008fe00000, 0x000000008fe00000, 0x000000008ff00000|  0%| F|  |TAMS 0x000000008fe00000, 0x000000008fe00000| Untracked 
| 255|0x000000008ff00000, 0x0000000090000000, 0x0000000090000000|100%| O|  |TAMS 0x0000000090000000, 0x000000008ff00000| Untracked 
| 256|0x0000000090000000, 0x0000000090100000, 0x0000000090100000|100%| O|  |TAMS 0x0000000090100000, 0x0000000090000000| Untracked 
| 257|0x0000000090100000, 0x0000000090200000, 0x0000000090200000|100%| O|  |TAMS 0x0000000090200000, 0x0000000090100000| Untracked 
| 258|0x0000000090200000, 0x0000000090300000, 0x0000000090300000|100%| O|  |TAMS 0x0000000090300000, 0x0000000090200000| Untracked 
| 259|0x0000000090300000, 0x0000000090400000, 0x0000000090400000|100%| O|  |TAMS 0x0000000090400000, 0x0000000090300000| Untracked 
| 260|0x0000000090400000, 0x0000000090500000, 0x0000000090500000|100%| O|  |TAMS 0x000000009049e400, 0x0000000090400000| Untracked 
| 261|0x0000000090500000, 0x0000000090500000, 0x0000000090600000|  0%| F|  |TAMS 0x0000000090500000, 0x0000000090500000| Untracked 
| 262|0x0000000090600000, 0x0000000090600000, 0x0000000090700000|  0%| F|  |TAMS 0x0000000090600000, 0x0000000090600000| Untracked 
| 263|0x0000000090700000, 0x0000000090700000, 0x0000000090800000|  0%| F|  |TAMS 0x0000000090700000, 0x0000000090700000| Untracked 
| 264|0x0000000090800000, 0x0000000090800000, 0x0000000090900000|  0%| F|  |TAMS 0x0000000090800000, 0x0000000090800000| Untracked 
| 265|0x0000000090900000, 0x0000000090900000, 0x0000000090a00000|  0%| F|  |TAMS 0x0000000090900000, 0x0000000090900000| Untracked 
| 266|0x0000000090a00000, 0x0000000090a00000, 0x0000000090b00000|  0%| F|  |TAMS 0x0000000090a00000, 0x0000000090a00000| Untracked 
| 267|0x0000000090b00000, 0x0000000090b00000, 0x0000000090c00000|  0%| F|  |TAMS 0x0000000090b00000, 0x0000000090b00000| Untracked 
| 268|0x0000000090c00000, 0x0000000090c00000, 0x0000000090d00000|  0%| F|  |TAMS 0x0000000090c00000, 0x0000000090c00000| Untracked 
| 269|0x0000000090d00000, 0x0000000090d00000, 0x0000000090e00000|  0%| F|  |TAMS 0x0000000090d00000, 0x0000000090d00000| Untracked 
| 270|0x0000000090e00000, 0x0000000090e00000, 0x0000000090f00000|  0%| F|  |TAMS 0x0000000090e00000, 0x0000000090e00000| Untracked 
| 271|0x0000000090f00000, 0x0000000090f00000, 0x0000000091000000|  0%| F|  |TAMS 0x0000000090f00000, 0x0000000090f00000| Untracked 
| 272|0x0000000091000000, 0x0000000091000000, 0x0000000091100000|  0%| F|  |TAMS 0x0000000091000000, 0x0000000091000000| Untracked 
| 273|0x0000000091100000, 0x0000000091100000, 0x0000000091200000|  0%| F|  |TAMS 0x0000000091100000, 0x0000000091100000| Untracked 
| 274|0x0000000091200000, 0x0000000091200000, 0x0000000091300000|  0%| F|  |TAMS 0x0000000091200000, 0x0000000091200000| Untracked 
| 275|0x0000000091300000, 0x0000000091300000, 0x0000000091400000|  0%| F|  |TAMS 0x0000000091300000, 0x0000000091300000| Untracked 
| 276|0x0000000091400000, 0x0000000091400000, 0x0000000091500000|  0%| F|  |TAMS 0x0000000091400000, 0x0000000091400000| Untracked 
| 277|0x0000000091500000, 0x0000000091500000, 0x0000000091600000|  0%| F|  |TAMS 0x0000000091500000, 0x0000000091500000| Untracked 
| 278|0x0000000091600000, 0x0000000091600000, 0x0000000091700000|  0%| F|  |TAMS 0x0000000091600000, 0x0000000091600000| Untracked 
| 279|0x0000000091700000, 0x0000000091700000, 0x0000000091800000|  0%| F|  |TAMS 0x0000000091700000, 0x0000000091700000| Untracked 
| 280|0x0000000091800000, 0x0000000091800000, 0x0000000091900000|  0%| F|  |TAMS 0x0000000091800000, 0x0000000091800000| Untracked 
| 281|0x0000000091900000, 0x0000000091900000, 0x0000000091a00000|  0%| F|  |TAMS 0x0000000091900000, 0x0000000091900000| Untracked 
| 282|0x0000000091a00000, 0x0000000091a00000, 0x0000000091b00000|  0%| F|  |TAMS 0x0000000091a00000, 0x0000000091a00000| Untracked 
| 283|0x0000000091b00000, 0x0000000091b00000, 0x0000000091c00000|  0%| F|  |TAMS 0x0000000091b00000, 0x0000000091b00000| Untracked 
| 284|0x0000000091c00000, 0x0000000091c00000, 0x0000000091d00000|  0%| F|  |TAMS 0x0000000091c00000, 0x0000000091c00000| Untracked 
| 285|0x0000000091d00000, 0x0000000091d00000, 0x0000000091e00000|  0%| F|  |TAMS 0x0000000091d00000, 0x0000000091d00000| Untracked 
| 286|0x0000000091e00000, 0x0000000091e00000, 0x0000000091f00000|  0%| F|  |TAMS 0x0000000091e00000, 0x0000000091e00000| Untracked 
| 287|0x0000000091f00000, 0x0000000091f00000, 0x0000000092000000|  0%| F|  |TAMS 0x0000000091f00000, 0x0000000091f00000| Untracked 
| 288|0x0000000092000000, 0x0000000092000000, 0x0000000092100000|  0%| F|  |TAMS 0x0000000092000000, 0x0000000092000000| Untracked 
| 289|0x0000000092100000, 0x0000000092100000, 0x0000000092200000|  0%| F|  |TAMS 0x0000000092100000, 0x0000000092100000| Untracked 
| 290|0x0000000092200000, 0x0000000092200000, 0x0000000092300000|  0%| F|  |TAMS 0x0000000092200000, 0x0000000092200000| Untracked 
| 291|0x0000000092300000, 0x0000000092300000, 0x0000000092400000|  0%| F|  |TAMS 0x0000000092300000, 0x0000000092300000| Untracked 
| 292|0x0000000092400000, 0x0000000092400000, 0x0000000092500000|  0%| F|  |TAMS 0x0000000092400000, 0x0000000092400000| Untracked 
| 293|0x0000000092500000, 0x0000000092500000, 0x0000000092600000|  0%| F|  |TAMS 0x0000000092500000, 0x0000000092500000| Untracked 
| 294|0x0000000092600000, 0x0000000092600000, 0x0000000092700000|  0%| F|  |TAMS 0x0000000092600000, 0x0000000092600000| Untracked 
| 295|0x0000000092700000, 0x0000000092700000, 0x0000000092800000|  0%| F|  |TAMS 0x0000000092700000, 0x0000000092700000| Untracked 
| 296|0x0000000092800000, 0x0000000092800000, 0x0000000092900000|  0%| F|  |TAMS 0x0000000092800000, 0x0000000092800000| Untracked 
| 297|0x0000000092900000, 0x0000000092900000, 0x0000000092a00000|  0%| F|  |TAMS 0x0000000092900000, 0x0000000092900000| Untracked 
| 298|0x0000000092a00000, 0x0000000092a00000, 0x0000000092b00000|  0%| F|  |TAMS 0x0000000092a00000, 0x0000000092a00000| Untracked 
| 299|0x0000000092b00000, 0x0000000092b00000, 0x0000000092c00000|  0%| F|  |TAMS 0x0000000092b00000, 0x0000000092b00000| Untracked 
| 300|0x0000000092c00000, 0x0000000092c00000, 0x0000000092d00000|  0%| F|  |TAMS 0x0000000092c00000, 0x0000000092c00000| Untracked 
| 301|0x0000000092d00000, 0x0000000092d00000, 0x0000000092e00000|  0%| F|  |TAMS 0x0000000092d00000, 0x0000000092d00000| Untracked 
| 302|0x0000000092e00000, 0x0000000092e00000, 0x0000000092f00000|  0%| F|  |TAMS 0x0000000092e00000, 0x0000000092e00000| Untracked 
| 303|0x0000000092f00000, 0x0000000092f00000, 0x0000000093000000|  0%| F|  |TAMS 0x0000000092f00000, 0x0000000092f00000| Untracked 
| 304|0x0000000093000000, 0x0000000093000000, 0x0000000093100000|  0%| F|  |TAMS 0x0000000093000000, 0x0000000093000000| Untracked 
| 305|0x0000000093100000, 0x0000000093100000, 0x0000000093200000|  0%| F|  |TAMS 0x0000000093100000, 0x0000000093100000| Untracked 
| 306|0x0000000093200000, 0x0000000093200000, 0x0000000093300000|  0%| F|  |TAMS 0x0000000093200000, 0x0000000093200000| Untracked 
| 307|0x0000000093300000, 0x0000000093300000, 0x0000000093400000|  0%| F|  |TAMS 0x0000000093300000, 0x0000000093300000| Untracked 
| 308|0x0000000093400000, 0x0000000093400000, 0x0000000093500000|  0%| F|  |TAMS 0x0000000093400000, 0x0000000093400000| Untracked 
| 309|0x0000000093500000, 0x0000000093500000, 0x0000000093600000|  0%| F|  |TAMS 0x0000000093500000, 0x0000000093500000| Untracked 
| 310|0x0000000093600000, 0x0000000093600000, 0x0000000093700000|  0%| F|  |TAMS 0x0000000093600000, 0x0000000093600000| Untracked 
| 311|0x0000000093700000, 0x0000000093700000, 0x0000000093800000|  0%| F|  |TAMS 0x0000000093700000, 0x0000000093700000| Untracked 
| 312|0x0000000093800000, 0x0000000093800000, 0x0000000093900000|  0%| F|  |TAMS 0x0000000093800000, 0x0000000093800000| Untracked 
| 313|0x0000000093900000, 0x0000000093900000, 0x0000000093a00000|  0%| F|  |TAMS 0x0000000093900000, 0x0000000093900000| Untracked 
| 314|0x0000000093a00000, 0x0000000093a00000, 0x0000000093b00000|  0%| F|  |TAMS 0x0000000093a00000, 0x0000000093a00000| Untracked 
| 315|0x0000000093b00000, 0x0000000093b00000, 0x0000000093c00000|  0%| F|  |TAMS 0x0000000093b00000, 0x0000000093b00000| Untracked 
| 316|0x0000000093c00000, 0x0000000093c00000, 0x0000000093d00000|  0%| F|  |TAMS 0x0000000093c00000, 0x0000000093c00000| Untracked 
| 317|0x0000000093d00000, 0x0000000093d00000, 0x0000000093e00000|  0%| F|  |TAMS 0x0000000093d00000, 0x0000000093d00000| Untracked 
| 318|0x0000000093e00000, 0x0000000093e00000, 0x0000000093f00000|  0%| F|  |TAMS 0x0000000093e00000, 0x0000000093e00000| Untracked 
| 319|0x0000000093f00000, 0x0000000093f00000, 0x0000000094000000|  0%| F|  |TAMS 0x0000000093f00000, 0x0000000093f00000| Untracked 
| 320|0x0000000094000000, 0x0000000094000000, 0x0000000094100000|  0%| F|  |TAMS 0x0000000094000000, 0x0000000094000000| Untracked 
| 321|0x0000000094100000, 0x0000000094100000, 0x0000000094200000|  0%| F|  |TAMS 0x0000000094100000, 0x0000000094100000| Untracked 
| 322|0x0000000094200000, 0x0000000094200000, 0x0000000094300000|  0%| F|  |TAMS 0x0000000094200000, 0x0000000094200000| Untracked 
| 323|0x0000000094300000, 0x0000000094300000, 0x0000000094400000|  0%| F|  |TAMS 0x0000000094300000, 0x0000000094300000| Untracked 
| 324|0x0000000094400000, 0x0000000094400000, 0x0000000094500000|  0%| F|  |TAMS 0x0000000094400000, 0x0000000094400000| Untracked 
| 325|0x0000000094500000, 0x0000000094500000, 0x0000000094600000|  0%| F|  |TAMS 0x0000000094500000, 0x0000000094500000| Untracked 
| 326|0x0000000094600000, 0x0000000094600000, 0x0000000094700000|  0%| F|  |TAMS 0x0000000094600000, 0x0000000094600000| Untracked 
| 327|0x0000000094700000, 0x0000000094700000, 0x0000000094800000|  0%| F|  |TAMS 0x0000000094700000, 0x0000000094700000| Untracked 
| 328|0x0000000094800000, 0x0000000094800000, 0x0000000094900000|  0%| F|  |TAMS 0x0000000094800000, 0x0000000094800000| Untracked 
| 329|0x0000000094900000, 0x0000000094900000, 0x0000000094a00000|  0%| F|  |TAMS 0x0000000094900000, 0x0000000094900000| Untracked 
| 330|0x0000000094a00000, 0x0000000094a00000, 0x0000000094b00000|  0%| F|  |TAMS 0x0000000094a00000, 0x0000000094a00000| Untracked 
| 331|0x0000000094b00000, 0x0000000094b00000, 0x0000000094c00000|  0%| F|  |TAMS 0x0000000094b00000, 0x0000000094b00000| Untracked 
| 332|0x0000000094c00000, 0x0000000094c00000, 0x0000000094d00000|  0%| F|  |TAMS 0x0000000094c00000, 0x0000000094c00000| Untracked 
| 333|0x0000000094d00000, 0x0000000094e00000, 0x0000000094e00000|100%| E|  |TAMS 0x0000000094d00000, 0x0000000094d00000| Complete 
| 334|0x0000000094e00000, 0x0000000094f00000, 0x0000000094f00000|100%| E|CS|TAMS 0x0000000094e00000, 0x0000000094e00000| Complete 
| 335|0x0000000094f00000, 0x0000000095000000, 0x0000000095000000|100%| E|CS|TAMS 0x0000000094f00000, 0x0000000094f00000| Complete 
| 336|0x0000000095000000, 0x0000000095100000, 0x0000000095100000|100%| E|  |TAMS 0x0000000095000000, 0x0000000095000000| Complete 
| 337|0x0000000095100000, 0x0000000095200000, 0x0000000095200000|100%| E|CS|TAMS 0x0000000095100000, 0x0000000095100000| Complete 
| 338|0x0000000095200000, 0x0000000095300000, 0x0000000095300000|100%| E|CS|TAMS 0x0000000095200000, 0x0000000095200000| Complete 
| 339|0x0000000095300000, 0x0000000095400000, 0x0000000095400000|100%| E|CS|TAMS 0x0000000095300000, 0x0000000095300000| Complete 
| 340|0x0000000095400000, 0x0000000095500000, 0x0000000095500000|100%| E|CS|TAMS 0x0000000095400000, 0x0000000095400000| Complete 
| 341|0x0000000095500000, 0x0000000095600000, 0x0000000095600000|100%| E|CS|TAMS 0x0000000095500000, 0x0000000095500000| Complete 
| 342|0x0000000095600000, 0x0000000095700000, 0x0000000095700000|100%| E|CS|TAMS 0x0000000095600000, 0x0000000095600000| Complete 
| 343|0x0000000095700000, 0x0000000095800000, 0x0000000095800000|100%| E|CS|TAMS 0x0000000095700000, 0x0000000095700000| Complete 
| 344|0x0000000095800000, 0x0000000095900000, 0x0000000095900000|100%| E|CS|TAMS 0x0000000095800000, 0x0000000095800000| Complete 
| 345|0x0000000095900000, 0x00000000959cda80, 0x0000000095a00000| 80%| S|CS|TAMS 0x0000000095900000, 0x0000000095900000| Complete 
| 346|0x0000000095a00000, 0x0000000095b00000, 0x0000000095b00000|100%| E|CS|TAMS 0x0000000095a00000, 0x0000000095a00000| Complete 
| 347|0x0000000095b00000, 0x0000000095c00000, 0x0000000095c00000|100%| E|CS|TAMS 0x0000000095b00000, 0x0000000095b00000| Complete 
| 348|0x0000000095c00000, 0x0000000095d00000, 0x0000000095d00000|100%| E|CS|TAMS 0x0000000095c00000, 0x0000000095c00000| Complete 
| 349|0x0000000095d00000, 0x0000000095e00000, 0x0000000095e00000|100%| E|CS|TAMS 0x0000000095d00000, 0x0000000095d00000| Complete 
| 350|0x0000000095e00000, 0x0000000095f00000, 0x0000000095f00000|100%| E|CS|TAMS 0x0000000095e00000, 0x0000000095e00000| Complete 
| 351|0x0000000095f00000, 0x0000000096000000, 0x0000000096000000|100%| E|CS|TAMS 0x0000000095f00000, 0x0000000095f00000| Complete 
| 352|0x0000000096000000, 0x0000000096100000, 0x0000000096100000|100%| E|CS|TAMS 0x0000000096000000, 0x0000000096000000| Complete 
| 353|0x0000000096100000, 0x0000000096200000, 0x0000000096200000|100%| E|CS|TAMS 0x0000000096100000, 0x0000000096100000| Complete 
| 354|0x0000000096200000, 0x0000000096300000, 0x0000000096300000|100%| E|CS|TAMS 0x0000000096200000, 0x0000000096200000| Complete 
| 355|0x0000000096300000, 0x0000000096400000, 0x0000000096400000|100%| E|CS|TAMS 0x0000000096300000, 0x0000000096300000| Complete 
| 356|0x0000000096400000, 0x0000000096500000, 0x0000000096500000|100%| E|CS|TAMS 0x0000000096400000, 0x0000000096400000| Complete 
| 357|0x0000000096500000, 0x0000000096600000, 0x0000000096600000|100%| E|CS|TAMS 0x0000000096500000, 0x0000000096500000| Complete 
| 358|0x0000000096600000, 0x0000000096700000, 0x0000000096700000|100%| E|CS|TAMS 0x0000000096600000, 0x0000000096600000| Complete 
| 359|0x0000000096700000, 0x0000000096800000, 0x0000000096800000|100%| E|CS|TAMS 0x0000000096700000, 0x0000000096700000| Complete 
| 360|0x0000000096800000, 0x0000000096900000, 0x0000000096900000|100%| E|CS|TAMS 0x0000000096800000, 0x0000000096800000| Complete 
| 361|0x0000000096900000, 0x0000000096a00000, 0x0000000096a00000|100%| E|CS|TAMS 0x0000000096900000, 0x0000000096900000| Complete 
| 362|0x0000000096a00000, 0x0000000096b00000, 0x0000000096b00000|100%| E|CS|TAMS 0x0000000096a00000, 0x0000000096a00000| Complete 
| 363|0x0000000096b00000, 0x0000000096c00000, 0x0000000096c00000|100%| E|CS|TAMS 0x0000000096b00000, 0x0000000096b00000| Complete 

Card table byte_map: [0x000002727ae80000,0x000002727b280000] _byte_map_base: 0x000002727aa80000

Marking Bits (Prev, Next): (CMBitMap*) 0x000002727a69b290, (CMBitMap*) 0x000002727a69b258
 Prev Bits: [0x000002727d680000, 0x000002727f680000)
 Next Bits: [0x000002727b680000, 0x000002727d680000)

Polling page: 0x0000027278590000

Metaspace:

Usage:
  Non-class:     98.10 MB capacity,    94.20 MB ( 96%) used,     3.53 MB (  4%) free+waste,   379.75 KB ( <1%) overhead. 
      Class:     15.78 MB capacity,    13.79 MB ( 87%) used,     1.81 MB ( 11%) free+waste,   181.00 KB (  1%) overhead. 
       Both:    113.88 MB capacity,   107.99 MB ( 95%) used,     5.34 MB (  5%) free+waste,   560.75 KB ( <1%) overhead. 

Virtual space:
  Non-class space:      100.00 MB reserved,      98.25 MB ( 98%) committed 
      Class space:        1.00 GB reserved,      15.88 MB (  2%) committed 
             Both:        1.10 GB reserved,     114.13 MB ( 10%) committed 

Chunk freelists:
   Non-Class:  3.00 KB
       Class:  128 bytes
        Both:  3.13 KB

CodeHeap 'non-profiled nmethods': size=120000Kb used=14483Kb max_used=15013Kb free=105516Kb
 bounds [0x000002720f020000, 0x000002720fed0000, 0x0000027216550000]
CodeHeap 'profiled nmethods': size=120000Kb used=37949Kb max_used=40126Kb free=82050Kb
 bounds [0x0000027207af0000, 0x000002720a230000, 0x000002720f020000]
CodeHeap 'non-nmethods': size=5760Kb used=2307Kb max_used=2367Kb free=3452Kb
 bounds [0x0000027207550000, 0x00000272077c0000, 0x0000027207af0000]
 total_blobs=18520 nmethods=17605 adapters=825
 compilation: enabled
              stopped_count=0, restarted_count=0
 full_count=0

Compilation events (10 events):
Event: 2043.422 Thread 0x0000027218732800 nmethod 19830 0x000002720f09c890 code [0x000002720f09ca40, 0x000002720f09cd58]
Event: 2043.429 Thread 0x0000027218734800 19833       3       java.security.AccessControlContext::calculateFields (89 bytes)
Event: 2043.430 Thread 0x0000027218734800 nmethod 19833 0x0000027207b9f510 code [0x0000027207b9f6e0, 0x0000027207b9fb18]
Event: 2043.433 Thread 0x0000027218734800 19834       3       org.gradle.internal.instantiation.generator.ParamsMatchingConstructorSelector::forParams (426 bytes)
Event: 2043.437 Thread 0x0000027218734800 nmethod 19834 0x0000027207d15a10 code [0x0000027207d15ee0, 0x0000027207d187a8]
Event: 2043.438 Thread 0x0000027218734800 19835       3       java.util.regex.Pattern$Node::match (27 bytes)
Event: 2043.438 Thread 0x0000027218734800 nmethod 19835 0x0000027207bcc610 code [0x0000027207bcc7a0, 0x0000027207bcc8f8]
Event: 2043.454 Thread 0x0000027218734800 19836       3       com.google.common.cache.LocalCache$Strength$1::defaultEquivalence (4 bytes)
Event: 2043.454 Thread 0x0000027218734800 nmethod 19836 0x0000027207b6ef10 code [0x0000027207b6f0a0, 0x0000027207b6f1f8]
Event: 2043.461 Thread 0x0000027218734800 19837       3       org.gradle.groovy.scripts.TextResourceScriptSource::getFileName (53 bytes)

GC Heap History (10 events):
Event: 56.106 GC heap before
{Heap before GC invocations=82 (full 0):
 garbage-first heap   total 371712K, used 317312K [0x0000000080000000, 0x0000000100000000)
  region size 1024K, 67 young (68608K), 2 survivors (2048K)
 Metaspace       used 104233K, capacity 110192K, committed 110336K, reserved 1144832K
  class space    used 13558K, capacity 15587K, committed 15616K, reserved 1048576K
}
Event: 56.109 GC heap after
{Heap after GC invocations=83 (full 0):
 garbage-first heap   total 371712K, used 251065K [0x0000000080000000, 0x0000000100000000)
  region size 1024K, 2 young (2048K), 2 survivors (2048K)
 Metaspace       used 104233K, capacity 110192K, committed 110336K, reserved 1144832K
  class space    used 13558K, capacity 15587K, committed 15616K, reserved 1048576K
}
Event: 63.420 GC heap before
{Heap before GC invocations=83 (full 0):
 garbage-first heap   total 371712K, used 317625K [0x0000000080000000, 0x0000000100000000)
  region size 1024K, 68 young (69632K), 2 survivors (2048K)
 Metaspace       used 106444K, capacity 112463K, committed 112640K, reserved 1146880K
  class space    used 13801K, capacity 15827K, committed 15872K, reserved 1048576K
}
Event: 63.427 GC heap after
{Heap after GC invocations=84 (full 0):
 garbage-first heap   total 371712K, used 256575K [0x0000000080000000, 0x0000000100000000)
  region size 1024K, 8 young (8192K), 8 survivors (8192K)
 Metaspace       used 106444K, capacity 112463K, committed 112640K, reserved 1146880K
  class space    used 13801K, capacity 15827K, committed 15872K, reserved 1048576K
}
Event: 63.563 GC heap before
{Heap before GC invocations=84 (full 0):
 garbage-first heap   total 371712K, used 284223K [0x0000000080000000, 0x0000000100000000)
  region size 1024K, 26 young (26624K), 8 survivors (8192K)
 Metaspace       used 106940K, capacity 112981K, committed 113280K, reserved 1146880K
  class space    used 13871K, capacity 15935K, committed 16000K, reserved 1048576K
}
Event: 63.569 GC heap after
{Heap after GC invocations=85 (full 0):
 garbage-first heap   total 371712K, used 261753K [0x0000000080000000, 0x0000000100000000)
  region size 1024K, 2 young (2048K), 2 survivors (2048K)
 Metaspace       used 106940K, capacity 112981K, committed 113280K, reserved 1146880K
  class space    used 13871K, capacity 15935K, committed 16000K, reserved 1048576K
}
Event: 64.683 GC heap before
{Heap before GC invocations=86 (full 0):
 garbage-first heap   total 371712K, used 370297K [0x0000000080000000, 0x0000000100000000)
  region size 1024K, 11 young (11264K), 2 survivors (2048K)
 Metaspace       used 108350K, capacity 114389K, committed 114688K, reserved 1148928K
  class space    used 13986K, capacity 16021K, committed 16128K, reserved 1048576K
}
Event: 64.687 GC heap after
{Heap after GC invocations=87 (full 0):
 garbage-first heap   total 372736K, used 251167K [0x0000000080000000, 0x0000000100000000)
  region size 1024K, 1 young (1024K), 1 survivors (1024K)
 Metaspace       used 108350K, capacity 114389K, committed 114688K, reserved 1148928K
  class space    used 13986K, capacity 16021K, committed 16128K, reserved 1048576K
}
Event: 497.969 GC heap before
{Heap before GC invocations=87 (full 0):
 garbage-first heap   total 372736K, used 267551K [0x0000000080000000, 0x0000000100000000)
  region size 1024K, 18 young (18432K), 1 survivors (1024K)
 Metaspace       used 110392K, capacity 116404K, committed 116608K, reserved 1148928K
  class space    used 14118K, capacity 16156K, committed 16256K, reserved 1048576K
}
Event: 497.975 GC heap after
{Heap after GC invocations=88 (full 0):
 garbage-first heap   total 372736K, used 241281K [0x0000000080000000, 0x0000000100000000)
  region size 1024K, 1 young (1024K), 1 survivors (1024K)
 Metaspace       used 110392K, capacity 116404K, committed 116608K, reserved 1148928K
  class space    used 14118K, capacity 16156K, committed 16256K, reserved 1048576K
}

Deoptimization events (10 events):
Event: 2043.390 Thread 0x0000027228d0d800 Uncommon trap: reason=class_check action=maybe_recompile pc=0x000002720f93bffc method=java.util.stream.ReduceOps$ReduceOp.evaluateSequential(Ljava/util/stream/PipelineHelper;Ljava/util/Spliterator;)Ljava/lang/Object; @ 2 c2
Event: 2043.396 Thread 0x0000027228d0d800 Uncommon trap: reason=unstable_if action=reinterpret pc=0x000002720f564674 method=org.gradle.internal.operations.DefaultBuildOperationRunner.assertParentRunning(Ljava/lang/String;Lorg/gradle/internal/operations/BuildOperationDescriptor;Lorg/gradle/interna
Event: 2043.396 Thread 0x0000027228d0d800 Uncommon trap: reason=unstable_if action=reinterpret pc=0x000002720f08dee8 method=org.gradle.internal.operations.DefaultBuildOperationAncestryTracker.started(Lorg/gradle/internal/operations/BuildOperationDescriptor;Lorg/gradle/internal/operations/Operatio
Event: 2043.397 Thread 0x0000027228d0d800 Uncommon trap: reason=class_check action=maybe_recompile pc=0x000002720f598124 method=org.gradle.internal.operations.DefaultBuildOperationListenerManager$ProgressShieldingBuildOperationListener.started(Lorg/gradle/internal/operations/BuildOperationDescrip
Event: 2043.397 Thread 0x0000027228d0d800 Uncommon trap: reason=unstable_if action=reinterpret pc=0x000002720fe78d78 method=org.gradle.internal.logging.sink.OutputEventTransformer.onOutput(Lorg/gradle/internal/logging/events/OutputEvent;)V @ 84 c2
Event: 2043.398 Thread 0x0000027228d0d800 Uncommon trap: reason=class_check action=maybe_recompile pc=0x000002720f598124 method=org.gradle.internal.operations.DefaultBuildOperationListenerManager$ProgressShieldingBuildOperationListener.started(Lorg/gradle/internal/operations/BuildOperationDescrip
Event: 2043.398 Thread 0x0000027228d0d800 Uncommon trap: reason=class_check action=maybe_recompile pc=0x000002720f8b2110 method=org.gradle.internal.operations.DefaultBuildOperationListenerManager$ProgressShieldingBuildOperationListener.finished(Lorg/gradle/internal/operations/BuildOperationDescri
Event: 2043.403 Thread 0x0000027228d0d800 Uncommon trap: reason=class_check action=maybe_recompile pc=0x000002720f598124 method=org.gradle.internal.operations.DefaultBuildOperationListenerManager$ProgressShieldingBuildOperationListener.started(Lorg/gradle/internal/operations/BuildOperationDescrip
Event: 2043.404 Thread 0x0000027228d0d800 Uncommon trap: reason=class_check action=maybe_recompile pc=0x000002720f598124 method=org.gradle.internal.operations.DefaultBuildOperationListenerManager$ProgressShieldingBuildOperationListener.started(Lorg/gradle/internal/operations/BuildOperationDescrip
Event: 2043.409 Thread 0x0000027228d0d800 Uncommon trap: reason=unstable_if action=reinterpret pc=0x000002720f7ff420 method=org.gradle.internal.typeconversion.NotationParserBuilder.create()Lorg/gradle/internal/typeconversion/NotationParser; @ 65 c2

Classes redefined (0 events):
No events

Internal exceptions (10 events):
Event: 62.631 Thread 0x000002722158b800 Exception <a 'java/lang/ClassNotFoundException'{0x00000000934e9568}: org/gradle/api/tasks/util/internal/PatternSets$InternalPatternSetCustomizer> (0x00000000934e9568) thrown at [./open/src/hotspot/share/classfile/systemDictionary.cpp, line 227]
Event: 62.683 Thread 0x000002722158b800 Exception <a 'java/lang/NoSuchMethodError'{0x0000000092c5abe0}: static Lcom/android/build/api/variant/impl/VariantOutputImpl$SerializedForm;.<clinit>()V> (0x0000000092c5abe0) thrown at [./open/src/hotspot/share/prims/jni.cpp, line 1366]
Event: 64.651 Thread 0x000002721a636800 Exception <a 'java/lang/NoSuchMethodError'{0x0000000096403f20}: java.lang.invoke.DirectMethodHandle$Holder.invokeSpecial(Ljava/lang/Object;Ljava/lang/Object;Ljava/lang/Object;IILjava/lang/Object;Ljava/lang/Object;)Ljava/lang/Object;> (0x0000000096403f20) 
Event: 64.651 Thread 0x000002721a636800 Exception <a 'java/lang/NoSuchMethodError'{0x0000000096428ae8}: java.lang.invoke.DirectMethodHandle$Holder.invokeStatic(Ljava/lang/Object;Ljava/lang/Object;Ljava/lang/Object;IILjava/lang/Object;)Ljava/lang/Object;> (0x0000000096428ae8) thrown at [./open/s
Event: 64.652 Thread 0x000002721a636800 Exception <a 'java/lang/NoSuchMethodError'{0x000000009642cb88}: java.lang.invoke.DirectMethodHandle$Holder.invokeSpecial(Ljava/lang/Object;Ljava/lang/Object;Ljava/lang/Object;Ljava/lang/Object;IILjava/lang/Object;)Ljava/lang/Object;> (0x000000009642cb88) 
Event: 64.652 Thread 0x000002721a636800 Exception <a 'java/lang/NoSuchMethodError'{0x00000000964300a8}: java.lang.invoke.Invokers$Holder.linkToTargetMethod(Ljava/lang/Object;Ljava/lang/Object;IILjava/lang/Object;Ljava/lang/Object;)Ljava/lang/Object;> (0x00000000964300a8) thrown at [./open/src/h
Event: 64.653 Thread 0x000002721a636800 Implicit null exception at 0x000002720f1f2511 to 0x000002720f1f2d10
Event: 64.653 Thread 0x000002721a636800 Implicit null exception at 0x000002720f8bdf37 to 0x000002720f8bedcc
Event: 2043.395 Thread 0x0000027228d0d800 Implicit null exception at 0x000002720f56460f to 0x000002720f56465c
Event: 2043.397 Thread 0x0000027228d0d800 Implicit null exception at 0x000002720fe71e1b to 0x000002720fe78d64

Events (10 events):
Event: 2043.403 Thread 0x0000027228d0d800 DEOPT UNPACKING pc=0x000002720757662f sp=0x00000075bdcfc290 mode 2
Event: 2043.404 Thread 0x0000027228d0d800 Uncommon trap: trap_request=0xffffffde fr.pc=0x000002720f598124 relative=0x00000000000000e4
Event: 2043.404 Thread 0x0000027228d0d800 DEOPT PACKING pc=0x000002720f598124 sp=0x00000075bdcfba00
Event: 2043.404 Thread 0x0000027228d0d800 DEOPT UNPACKING pc=0x000002720757662f sp=0x00000075bdcfb9a0 mode 2
Event: 2043.409 Thread 0x0000027228d0d800 Uncommon trap: trap_request=0xffffff4d fr.pc=0x000002720f7ff420 relative=0x00000000000003c0
Event: 2043.409 Thread 0x0000027228d0d800 DEOPT PACKING pc=0x000002720f7ff420 sp=0x00000075bdcf9850
Event: 2043.409 Thread 0x0000027228d0d800 DEOPT UNPACKING pc=0x000002720757662f sp=0x00000075bdcf9808 mode 2
Event: 2043.412 Thread 0x0000027228d0b800 Thread added: 0x0000027228d0b800
Event: 2043.421 Thread 0x0000027228d14800 Thread added: 0x0000027228d14800
Event: 2043.430 Thread 0x0000027228d17800 Thread added: 0x0000027228d17800


Dynamic libraries:
0x00007ff60a6d0000 - 0x00007ff60a6df000 	C:\Program Files\Java\jdk-11.0.13\bin\java.exe
0x00007ff89fb20000 - 0x00007ff89fd29000 	C:\WINDOWS\SYSTEM32\ntdll.dll
0x00007ff89ee30000 - 0x00007ff89eeed000 	C:\WINDOWS\System32\KERNEL32.DLL
0x00007ff89d500000 - 0x00007ff89d874000 	C:\WINDOWS\System32\KERNELBASE.dll
0x00007ff89d130000 - 0x00007ff89d241000 	C:\WINDOWS\System32\ucrtbase.dll
0x00007ff895630000 - 0x00007ff895645000 	C:\Program Files\Java\jdk-11.0.13\bin\VCRUNTIME140.dll
0x00007ff895650000 - 0x00007ff895668000 	C:\Program Files\Java\jdk-11.0.13\bin\jli.dll
0x00007ff89dab0000 - 0x00007ff89db5e000 	C:\WINDOWS\System32\ADVAPI32.dll
0x00007ff89f8a0000 - 0x00007ff89f943000 	C:\WINDOWS\System32\msvcrt.dll
0x00007ff89ec40000 - 0x00007ff89ecde000 	C:\WINDOWS\System32\sechost.dll
0x00007ff89f530000 - 0x00007ff89f650000 	C:\WINDOWS\System32\RPCRT4.dll
0x00007ff89e610000 - 0x00007ff89e7bc000 	C:\WINDOWS\System32\USER32.dll
0x00007ff89d4d0000 - 0x00007ff89d4f6000 	C:\WINDOWS\System32\win32u.dll
0x00007ff88d350000 - 0x00007ff88d5f5000 	C:\WINDOWS\WinSxS\amd64_microsoft.windows.common-controls_6595b64144ccf1df_6.0.22000.120_none_9d947278b86cc467\COMCTL32.dll
0x00007ff89e5e0000 - 0x00007ff89e609000 	C:\WINDOWS\System32\GDI32.dll
0x00007ff89d010000 - 0x00007ff89d122000 	C:\WINDOWS\System32\gdi32full.dll
0x00007ff89d3c0000 - 0x00007ff89d45d000 	C:\WINDOWS\System32\msvcp_win.dll
0x00007ff898670000 - 0x00007ff89867a000 	C:\WINDOWS\SYSTEM32\VERSION.dll
0x00007ff89ece0000 - 0x00007ff89ed11000 	C:\WINDOWS\System32\IMM32.DLL
0x00007ff891cd0000 - 0x00007ff891d6b000 	C:\Program Files\Java\jdk-11.0.13\bin\msvcp140.dll
0x00007ff839cb0000 - 0x00007ff83a7c3000 	C:\Program Files\Java\jdk-11.0.13\bin\server\jvm.dll
0x00007ff89ee20000 - 0x00007ff89ee28000 	C:\WINDOWS\System32\PSAPI.DLL
0x00007ff88eaf0000 - 0x00007ff88eaf9000 	C:\WINDOWS\SYSTEM32\WSOCK32.dll
0x00007ff898890000 - 0x00007ff8988c3000 	C:\WINDOWS\SYSTEM32\WINMM.dll
0x00007ff89f060000 - 0x00007ff89f0cf000 	C:\WINDOWS\System32\WS2_32.dll
0x00007ff89c1c0000 - 0x00007ff89c1d8000 	C:\WINDOWS\SYSTEM32\kernel.appcore.dll
0x00007ff899350000 - 0x00007ff899360000 	C:\Program Files\Java\jdk-11.0.13\bin\verify.dll
0x00007ff89a7b0000 - 0x00007ff89a9d1000 	C:\WINDOWS\SYSTEM32\DBGHELP.DLL
0x00007ff895a70000 - 0x00007ff895aa1000 	C:\WINDOWS\SYSTEM32\dbgcore.DLL
0x00007ff89d880000 - 0x00007ff89d8ff000 	C:\WINDOWS\System32\bcryptPrimitives.dll
0x00007ff895090000 - 0x00007ff8950b8000 	C:\Program Files\Java\jdk-11.0.13\bin\java.dll
0x00007ff898be0000 - 0x00007ff898bea000 	C:\Program Files\Java\jdk-11.0.13\bin\jimage.dll
0x00007ff892f60000 - 0x00007ff892f76000 	C:\Program Files\Java\jdk-11.0.13\bin\zip.dll
0x00007ff89dd40000 - 0x00007ff89e4ee000 	C:\WINDOWS\System32\SHELL32.dll
0x00007ff89b150000 - 0x00007ff89b9b8000 	C:\WINDOWS\SYSTEM32\windows.storage.dll
0x00007ff89f190000 - 0x00007ff89f508000 	C:\WINDOWS\System32\combase.dll
0x00007ff89afe0000 - 0x00007ff89b146000 	C:\WINDOWS\SYSTEM32\wintypes.dll
0x00007ff89d9c0000 - 0x00007ff89daaa000 	C:\WINDOWS\System32\SHCORE.dll
0x00007ff89edc0000 - 0x00007ff89ee1d000 	C:\WINDOWS\System32\shlwapi.dll
0x00007ff89cf40000 - 0x00007ff89cf61000 	C:\WINDOWS\SYSTEM32\profapi.dll
0x00007ff892890000 - 0x00007ff8928a9000 	C:\Program Files\Java\jdk-11.0.13\bin\net.dll
0x00007ff898480000 - 0x00007ff89858c000 	C:\WINDOWS\SYSTEM32\WINHTTP.dll
0x00007ff89c610000 - 0x00007ff89c677000 	C:\WINDOWS\system32\mswsock.dll
0x00007ff891c00000 - 0x00007ff891c12000 	C:\Program Files\Java\jdk-11.0.13\bin\nio.dll
0x00007ff891bd0000 - 0x00007ff891bf7000 	C:\Users\asus\.gradle\native\49d0259a56938c7f99b2704e745ce422c4f750a7a20b539a32ccef96729676b1\windows-amd64\native-platform.dll
0x00007ff8573f0000 - 0x00007ff857586000 	C:\Users\asus\.gradle\native\12488b8bf47d2d4c9fbf2f6322a914ad602e24e48041cd04a747c6da556b65c4\windows-amd64\native-platform-file-events.dll
0x00007ff897510000 - 0x00007ff897519000 	C:\Program Files\Java\jdk-11.0.13\bin\management.dll
0x00007ff896d90000 - 0x00007ff896d9b000 	C:\Program Files\Java\jdk-11.0.13\bin\management_ext.dll
0x00007ff89c870000 - 0x00007ff89c888000 	C:\WINDOWS\SYSTEM32\CRYPTSP.dll
0x00007ff89c120000 - 0x00007ff89c155000 	C:\WINDOWS\system32\rsaenh.dll
0x00007ff89c720000 - 0x00007ff89c749000 	C:\WINDOWS\SYSTEM32\USERENV.dll
0x00007ff89c9f0000 - 0x00007ff89ca17000 	C:\WINDOWS\SYSTEM32\bcrypt.dll
0x00007ff89c890000 - 0x00007ff89c89c000 	C:\WINDOWS\SYSTEM32\CRYPTBASE.dll
0x00007ff89bcf0000 - 0x00007ff89bd1d000 	C:\WINDOWS\SYSTEM32\IPHLPAPI.DLL
0x00007ff89ed20000 - 0x00007ff89ed29000 	C:\WINDOWS\System32\NSI.dll
0x00007ff898410000 - 0x00007ff898429000 	C:\WINDOWS\SYSTEM32\dhcpcsvc6.DLL
0x00007ff8987b0000 - 0x00007ff8987ce000 	C:\WINDOWS\SYSTEM32\dhcpcsvc.DLL
0x00007ff89bd20000 - 0x00007ff89be07000 	C:\WINDOWS\SYSTEM32\DNSAPI.dll
0x00007ff89a5b0000 - 0x00007ff89a5e4000 	C:\WINDOWS\SYSTEM32\ntmarta.dll

dbghelp: loaded successfully - version: 4.0.5 - missing functions: none
symbol engine: initialized successfully - sym options: 0x614 - pdb path: .;C:\Program Files\Java\jdk-11.0.13\bin;C:\WINDOWS\SYSTEM32;C:\WINDOWS\WinSxS\amd64_microsoft.windows.common-controls_6595b64144ccf1df_6.0.22000.120_none_9d947278b86cc467;C:\Program Files\Java\jdk-11.0.13\bin\server;C:\Users\asus\.gradle\native\49d0259a56938c7f99b2704e745ce422c4f750a7a20b539a32ccef96729676b1\windows-amd64;C:\Users\asus\.gradle\native\12488b8bf47d2d4c9fbf2f6322a914ad602e24e48041cd04a747c6da556b65c4\windows-amd64

VM Arguments:
jvm_args: -XX:MaxPermSize=512m -XX:+HeapDumpOnOutOfMemoryError --add-opens=java.base/java.util=ALL-UNNAMED --add-opens=java.base/java.lang=ALL-UNNAMED --add-opens=java.base/java.lang.invoke=ALL-UNNAMED --add-opens=java.prefs/java.util.prefs=ALL-UNNAMED -Xmx2048m -Dfile.encoding=UTF-8 -Duser.country=IN -Duser.language=en -Duser.variant 
java_command: org.gradle.launcher.daemon.bootstrap.GradleDaemon 6.9
java_class_path (initial): C:\Users\asus\.gradle\wrapper\dists\gradle-6.9-all\dooywd8nv05k16orzxge2b1bs\gradle-6.9\lib\gradle-launcher-6.9.jar
Launcher Type: SUN_STANDARD

[Global flags]
     intx CICompilerCount                          = 4                                         {product} {ergonomic}
     uint ConcGCThreads                            = 2                                         {product} {ergonomic}
     uint G1ConcRefinementThreads                  = 8                                         {product} {ergonomic}
   size_t G1HeapRegionSize                         = 1048576                                   {product} {ergonomic}
    uintx GCDrainStackTargetSize                   = 64                                        {product} {ergonomic}
     bool HeapDumpOnOutOfMemoryError               = true                                   {manageable} {command line}
   size_t InitialHeapSize                          = 132120576                                 {product} {ergonomic}
   size_t MarkStackSize                            = 4194304                                   {product} {ergonomic}
   size_t MaxHeapSize                              = 2147483648                                {product} {command line}
   size_t MaxNewSize                               = 1287651328                                {product} {ergonomic}
   size_t MinHeapDeltaBytes                        = 1048576                                   {product} {ergonomic}
    uintx NonNMethodCodeHeapSize                   = 5836300                                {pd product} {ergonomic}
    uintx NonProfiledCodeHeapSize                  = 122910970                              {pd product} {ergonomic}
    uintx ProfiledCodeHeapSize                     = 122910970                              {pd product} {ergonomic}
    uintx ReservedCodeCacheSize                    = 251658240                              {pd product} {ergonomic}
     bool SegmentedCodeCache                       = true                                      {product} {ergonomic}
     bool UseCompressedClassPointers               = true                                 {lp64_product} {ergonomic}
     bool UseCompressedOops                        = true                                 {lp64_product} {ergonomic}
     bool UseG1GC                                  = true                                      {product} {ergonomic}
     bool UseLargePagesIndividualAllocation        = false                                  {pd product} {ergonomic}

Logging:
Log output configuration:
 #0: stdout all=warning uptime,level,tags
 #1: stderr all=off uptime,level,tags

Environment Variables:
JAVA_HOME=C:\Program Files\Java\jdk-11.0.13
CLASSPATH=D:\projects\mega_taxi_app\android\\gradle\wrapper\gradle-wrapper.jar
PATH=C:\Program Files\Common Files\Oracle\Java\javapath;C:\Python39\Scripts\;C:\Python39\;C:\Windows\system32;C:\Windows;C:\Windows\System32\Wbem;C:\Windows\System32\WindowsPowerShell\v1.0\;C:\Windows\System32\OpenSSH\;C:\Program Files (x86)\NVIDIA Corporation\PhysX\Common;C:\Program Files\NVIDIA Corporation\NVIDIA NvDLISR;C:\Program Files\MySQL\MySQL Server 8.0\bin;C:\ProgramData\chocolatey\bin;C:\Program Files\Git\cmd;C:\Program Files\Java\jdk-11.0.13;C:\Program Files\MongoDB\Server\4.4\bin;C:\Program Files\MongoDB\Tools\100\bin;C:\Program Files\PostgreSQL\13\bin;C:\Program Files\nodejs\;C:\Program Files\OpenJDK\openjdk-8u292-b10\bin;C:\WINDOWS\system32;C:\WINDOWS;C:\WINDOWS\System32\Wbem;C:\WINDOWS\System32\WindowsPowerShell\v1.0\;C:\WINDOWS\System32\OpenSSH\;C:\Program Files\PuTTY\;C:\Program Files\Docker\Docker\resources\bin;C:\ProgramData\DockerDesktop\version-bin;C:\Program Files\Go\bin;C:\Program Files\Amazon\AWSCLIV2\;C:\Program Files\dotnet\;C:\Users\asus\AppData\Local\Android\Sdk\tools;C:\Users\asus\AppData\Local\python2\scripts;C:\Users\asus\AppData\Local\python2;C:\Program Files\Java\jdk1.8.0_281\bin;C:\Program Files\Java\jdk-11.0.13;C:\Program Files\JetBrains\WebStorm 2021.2.3\bin;;C:\Users\asus\AppData\Local\Android\Sdk\platform-tools;C:\Users\asus\AppData\Local\Programs\Microsoft VS Code\bin;C:\Program Files\JetBrains\PyCharm Community Edition 2021.1.2\bin;;C:\Program Files\JetBrains\DataGrip 2021.1.3\bin;;C:\Program Files\Azure Data Studio\bin;C:\Program Files\heroku\bin;C:\Program Files\JetBrains\PyCharm 2021.2.3\bin;;C:\Users\asus\AppData\Roaming\npm;C:\Users\asus\AppData\Local\Google\Cloud SDK\google-cloud-sdk\bin;C:\Users\asus\AppData\Local\Microsoft\WindowsApps;C:\Users\asus\go\bin;C:\Users\asus\.dotnet\tools;C:\Users\asus\AppData\Local\GitHubDesktop\bin
USERNAME=asus
OS=Windows_NT
PROCESSOR_IDENTIFIER=Intel64 Family 6 Model 165 Stepping 2, GenuineIntel



---------------  S Y S T E M  ---------------

OS: Windows 10 , 64 bit Build 22000 (10.0.22000.434)
Hyper-V role detected

CPU:total 8 (initial active 8) (4 cores per cpu, 2 threads per core) family 6 model 165 stepping 2 microcode 0xe0, cmov, cx8, fxsr, mmx, sse, sse2, sse3, ssse3, sse4.1, sse4.2, popcnt, avx, avx2, aes, clmul, erms, 3dnowpref, lzcnt, ht, tsc, tscinvbit, bmi1, bmi2, adx, fma

Memory: 4k page, system-wide physical 8029M (2340M free)
TotalPageFile size 28509M (AvailPageFile size 13151M)
current process WorkingSet (physical memory assigned to process): 160M, peak: 737M
current process commit charge ("private bytes"): 753M, peak: 796M

vm_info: Java HotSpot(TM) 64-Bit Server VM (11.0.13+10-LTS-370) for windows-amd64 JRE (11.0.13+10-LTS-370), built on Sep 15 2021 22:10:36 by "mach5one" with MS VC++ 15.9 (VS2017)

END.
